{"total": {"lines":{"total":7293,"covered":6361,"skipped":0,"pct":87.22},"statements":{"total":7353,"covered":6405,"skipped":0,"pct":87.1},"functions":{"total":1486,"covered":1254,"skipped":0,"pct":84.38},"branches":{"total":3475,"covered":2674,"skipped":0,"pct":76.94},"branchesTrue":{"total":0,"covered":0,"skipped":0,"pct":100}}
,"/Users/ashwin/workspace/fyle/fyle-qbo-app-2/src/app/app-routing.module.ts": {"lines":{"total":10,"covered":9,"skipped":0,"pct":90},"functions":{"total":8,"covered":6,"skipped":0,"pct":75},"statements":{"total":13,"covered":11,"skipped":0,"pct":84.61},"branches":{"total":2,"covered":2,"skipped":0,"pct":100}}
,"/Users/ashwin/workspace/fyle/fyle-qbo-app-2/src/app/app.component.ts": {"lines":{"total":7,"covered":7,"skipped":0,"pct":100},"functions":{"total":3,"covered":3,"skipped":0,"pct":100},"statements":{"total":7,"covered":7,"skipped":0,"pct":100},"branches":{"total":4,"covered":4,"skipped":0,"pct":100}}
,"/Users/ashwin/workspace/fyle/fyle-qbo-app-2/src/app/app.errorhandling.ts": {"lines":{"total":8,"covered":4,"skipped":0,"pct":50},"functions":{"total":3,"covered":1,"skipped":0,"pct":33.33},"statements":{"total":8,"covered":4,"skipped":0,"pct":50},"branches":{"total":4,"covered":0,"skipped":0,"pct":0}}
,"/Users/ashwin/workspace/fyle/fyle-qbo-app-2/src/app/app.module.ts": {"lines":{"total":6,"covered":6,"skipped":0,"pct":100},"functions":{"total":2,"covered":2,"skipped":0,"pct":100},"statements":{"total":6,"covered":6,"skipped":0,"pct":100},"branches":{"total":2,"covered":2,"skipped":0,"pct":100}}
,"/Users/ashwin/workspace/fyle/fyle-qbo-app-2/src/app/auth/auth-routing.module.ts": {"lines":{"total":7,"covered":7,"skipped":0,"pct":100},"functions":{"total":2,"covered":2,"skipped":0,"pct":100},"statements":{"total":7,"covered":7,"skipped":0,"pct":100},"branches":{"total":2,"covered":2,"skipped":0,"pct":100}}
,"/Users/ashwin/workspace/fyle/fyle-qbo-app-2/src/app/auth/auth.component.ts": {"lines":{"total":13,"covered":13,"skipped":0,"pct":100},"functions":{"total":5,"covered":5,"skipped":0,"pct":100},"statements":{"total":13,"covered":13,"skipped":0,"pct":100},"branches":{"total":4,"covered":4,"skipped":0,"pct":100}}
,"/Users/ashwin/workspace/fyle/fyle-qbo-app-2/src/app/auth/auth.module.ts": {"lines":{"total":6,"covered":6,"skipped":0,"pct":100},"functions":{"total":2,"covered":2,"skipped":0,"pct":100},"statements":{"total":6,"covered":6,"skipped":0,"pct":100},"branches":{"total":2,"covered":2,"skipped":0,"pct":100}}
,"/Users/ashwin/workspace/fyle/fyle-qbo-app-2/src/app/auth/fyle-callback/fyle-callback.component.ts": {"lines":{"total":30,"covered":28,"skipped":0,"pct":93.33},"functions":{"total":11,"covered":11,"skipped":0,"pct":100},"statements":{"total":30,"covered":28,"skipped":0,"pct":93.33},"branches":{"total":8,"covered":5,"skipped":0,"pct":62.5}}
,"/Users/ashwin/workspace/fyle/fyle-qbo-app-2/src/app/auth/login/login.component.ts": {"lines":{"total":17,"covered":15,"skipped":0,"pct":88.23},"functions":{"total":8,"covered":6,"skipped":0,"pct":75},"statements":{"total":17,"covered":15,"skipped":0,"pct":88.23},"branches":{"total":6,"covered":6,"skipped":0,"pct":100}}
,"/Users/ashwin/workspace/fyle/fyle-qbo-app-2/src/app/auth/logout/logout.component.ts": {"lines":{"total":9,"covered":4,"skipped":0,"pct":44.44},"functions":{"total":5,"covered":1,"skipped":0,"pct":20},"statements":{"total":9,"covered":4,"skipped":0,"pct":44.44},"branches":{"total":2,"covered":0,"skipped":0,"pct":0}}
,"/Users/ashwin/workspace/fyle/fyle-qbo-app-2/src/app/auth/shared-login/shared-login.component.ts": {"lines":{"total":20,"covered":20,"skipped":0,"pct":100},"functions":{"total":8,"covered":8,"skipped":0,"pct":100},"statements":{"total":20,"covered":20,"skipped":0,"pct":100},"branches":{"total":4,"covered":4,"skipped":0,"pct":100}}
,"/Users/ashwin/workspace/fyle/fyle-qbo-app-2/src/app/core/guard/auth.guard.ts": {"lines":{"total":11,"covered":11,"skipped":0,"pct":100},"functions":{"total":4,"covered":4,"skipped":0,"pct":100},"statements":{"total":11,"covered":11,"skipped":0,"pct":100},"branches":{"total":4,"covered":4,"skipped":0,"pct":100}}
,"/Users/ashwin/workspace/fyle/fyle-qbo-app-2/src/app/core/guard/workspaces.guard.ts": {"lines":{"total":23,"covered":13,"skipped":0,"pct":56.52},"functions":{"total":6,"covered":5,"skipped":0,"pct":83.33},"statements":{"total":24,"covered":14,"skipped":0,"pct":58.33},"branches":{"total":8,"covered":3,"skipped":0,"pct":37.5}}
,"/Users/ashwin/workspace/fyle/fyle-qbo-app-2/src/app/core/interceptors/jwt.interceptor.ts": {"lines":{"total":47,"covered":47,"skipped":0,"pct":100},"functions":{"total":17,"covered":16,"skipped":0,"pct":94.11},"statements":{"total":52,"covered":51,"skipped":0,"pct":98.07},"branches":{"total":18,"covered":17,"skipped":0,"pct":94.44}}
,"/Users/ashwin/workspace/fyle/fyle-qbo-app-2/src/app/core/models/configuration/advanced-setting.model.ts": {"lines":{"total":3,"covered":3,"skipped":0,"pct":100},"functions":{"total":1,"covered":1,"skipped":0,"pct":100},"statements":{"total":3,"covered":3,"skipped":0,"pct":100},"branches":{"total":86,"covered":58,"skipped":0,"pct":67.44}}
,"/Users/ashwin/workspace/fyle/fyle-qbo-app-2/src/app/core/models/configuration/employee-setting.model.ts": {"lines":{"total":2,"covered":2,"skipped":0,"pct":100},"functions":{"total":1,"covered":1,"skipped":0,"pct":100},"statements":{"total":2,"covered":2,"skipped":0,"pct":100},"branches":{"total":8,"covered":6,"skipped":0,"pct":75}}
,"/Users/ashwin/workspace/fyle/fyle-qbo-app-2/src/app/core/models/configuration/export-setting.model.ts": {"lines":{"total":3,"covered":3,"skipped":0,"pct":100},"functions":{"total":1,"covered":1,"skipped":0,"pct":100},"statements":{"total":3,"covered":3,"skipped":0,"pct":100},"branches":{"total":100,"covered":64,"skipped":0,"pct":64}}
,"/Users/ashwin/workspace/fyle/fyle-qbo-app-2/src/app/core/models/configuration/import-setting.model.ts": {"lines":{"total":12,"covered":10,"skipped":0,"pct":83.33},"functions":{"total":8,"covered":6,"skipped":0,"pct":75},"statements":{"total":15,"covered":12,"skipped":0,"pct":80},"branches":{"total":42,"covered":25,"skipped":0,"pct":59.52}}
,"/Users/ashwin/workspace/fyle/fyle-qbo-app-2/src/app/core/models/db/employee-mapping.model.ts": {"lines":{"total":1,"covered":1,"skipped":0,"pct":100},"functions":{"total":1,"covered":1,"skipped":0,"pct":100},"statements":{"total":1,"covered":1,"skipped":0,"pct":100},"branches":{"total":16,"covered":8,"skipped":0,"pct":50}}
,"/Users/ashwin/workspace/fyle/fyle-qbo-app-2/src/app/core/models/db/mapping.model.ts": {"lines":{"total":1,"covered":1,"skipped":0,"pct":100},"functions":{"total":1,"covered":1,"skipped":0,"pct":100},"statements":{"total":1,"covered":1,"skipped":0,"pct":100},"branches":{"total":0,"covered":0,"skipped":0,"pct":100}}
,"/Users/ashwin/workspace/fyle/fyle-qbo-app-2/src/app/core/models/enum/enum.model.ts": {"lines":{"total":238,"covered":238,"skipped":0,"pct":100},"functions":{"total":66,"covered":66,"skipped":0,"pct":100},"statements":{"total":238,"covered":238,"skipped":0,"pct":100},"branches":{"total":66,"covered":66,"skipped":0,"pct":100}}
,"/Users/ashwin/workspace/fyle/fyle-qbo-app-2/src/app/core/services/configuration/advanced-setting.service.ts": {"lines":{"total":11,"covered":11,"skipped":0,"pct":100},"functions":{"total":5,"covered":5,"skipped":0,"pct":100},"statements":{"total":11,"covered":11,"skipped":0,"pct":100},"branches":{"total":2,"covered":2,"skipped":0,"pct":100}}
,"/Users/ashwin/workspace/fyle/fyle-qbo-app-2/src/app/core/services/configuration/employee-setting.service.ts": {"lines":{"total":10,"covered":10,"skipped":0,"pct":100},"functions":{"total":4,"covered":4,"skipped":0,"pct":100},"statements":{"total":10,"covered":10,"skipped":0,"pct":100},"branches":{"total":2,"covered":2,"skipped":0,"pct":100}}
,"/Users/ashwin/workspace/fyle/fyle-qbo-app-2/src/app/core/services/configuration/export-setting.service.ts": {"lines":{"total":9,"covered":9,"skipped":0,"pct":100},"functions":{"total":5,"covered":5,"skipped":0,"pct":100},"statements":{"total":9,"covered":9,"skipped":0,"pct":100},"branches":{"total":2,"covered":2,"skipped":0,"pct":100}}
,"/Users/ashwin/workspace/fyle/fyle-qbo-app-2/src/app/core/services/configuration/import-setting.service.ts": {"lines":{"total":9,"covered":9,"skipped":0,"pct":100},"functions":{"total":5,"covered":5,"skipped":0,"pct":100},"statements":{"total":9,"covered":9,"skipped":0,"pct":100},"branches":{"total":2,"covered":2,"skipped":0,"pct":100}}
,"/Users/ashwin/workspace/fyle/fyle-qbo-app-2/src/app/core/services/configuration/qbo-connector.service.ts": {"lines":{"total":19,"covered":14,"skipped":0,"pct":73.68},"functions":{"total":6,"covered":4,"skipped":0,"pct":66.66},"statements":{"total":19,"covered":14,"skipped":0,"pct":73.68},"branches":{"total":2,"covered":2,"skipped":0,"pct":100}}
,"/Users/ashwin/workspace/fyle/fyle-qbo-app-2/src/app/core/services/core/api.service.ts": {"lines":{"total":25,"covered":19,"skipped":0,"pct":76},"functions":{"total":15,"covered":10,"skipped":0,"pct":66.66},"statements":{"total":25,"covered":19,"skipped":0,"pct":76},"branches":{"total":4,"covered":3,"skipped":0,"pct":75}}
,"/Users/ashwin/workspace/fyle/fyle-qbo-app-2/src/app/core/services/core/auth.service.ts": {"lines":{"total":36,"covered":30,"skipped":0,"pct":83.33},"functions":{"total":16,"covered":12,"skipped":0,"pct":75},"statements":{"total":37,"covered":30,"skipped":0,"pct":81.08},"branches":{"total":12,"covered":9,"skipped":0,"pct":75}}
,"/Users/ashwin/workspace/fyle/fyle-qbo-app-2/src/app/core/services/core/helper.service.ts": {"lines":{"total":15,"covered":14,"skipped":0,"pct":93.33},"functions":{"total":7,"covered":6,"skipped":0,"pct":85.71},"statements":{"total":15,"covered":14,"skipped":0,"pct":93.33},"branches":{"total":10,"covered":10,"skipped":0,"pct":100}}
,"/Users/ashwin/workspace/fyle/fyle-qbo-app-2/src/app/core/services/core/paginator.service.ts": {"lines":{"total":9,"covered":9,"skipped":0,"pct":100},"functions":{"total":5,"covered":5,"skipped":0,"pct":100},"statements":{"total":9,"covered":9,"skipped":0,"pct":100},"branches":{"total":4,"covered":4,"skipped":0,"pct":100}}
,"/Users/ashwin/workspace/fyle/fyle-qbo-app-2/src/app/core/services/core/storage.service.ts": {"lines":{"total":10,"covered":9,"skipped":0,"pct":90},"functions":{"total":7,"covered":6,"skipped":0,"pct":85.71},"statements":{"total":10,"covered":9,"skipped":0,"pct":90},"branches":{"total":4,"covered":4,"skipped":0,"pct":100}}
,"/Users/ashwin/workspace/fyle/fyle-qbo-app-2/src/app/core/services/core/window.service.ts": {"lines":{"total":6,"covered":6,"skipped":0,"pct":100},"functions":{"total":4,"covered":4,"skipped":0,"pct":100},"statements":{"total":6,"covered":6,"skipped":0,"pct":100},"branches":{"total":2,"covered":2,"skipped":0,"pct":100}}
,"/Users/ashwin/workspace/fyle/fyle-qbo-app-2/src/app/core/services/dashboard/dashboard.service.ts": {"lines":{"total":34,"covered":31,"skipped":0,"pct":91.17},"functions":{"total":11,"covered":11,"skipped":0,"pct":100},"statements":{"total":34,"covered":31,"skipped":0,"pct":91.17},"branches":{"total":14,"covered":10,"skipped":0,"pct":71.42}}
,"/Users/ashwin/workspace/fyle/fyle-qbo-app-2/src/app/core/services/export-log/export-log.service.ts": {"lines":{"total":62,"covered":37,"skipped":0,"pct":59.67},"functions":{"total":7,"covered":7,"skipped":0,"pct":100},"statements":{"total":62,"covered":37,"skipped":0,"pct":59.67},"branches":{"total":46,"covered":13,"skipped":0,"pct":28.26}}
,"/Users/ashwin/workspace/fyle/fyle-qbo-app-2/src/app/core/services/integration/refiner.service.ts": {"lines":{"total":15,"covered":13,"skipped":0,"pct":86.66},"functions":{"total":5,"covered":5,"skipped":0,"pct":100},"statements":{"total":15,"covered":13,"skipped":0,"pct":86.66},"branches":{"total":6,"covered":3,"skipped":0,"pct":50}}
,"/Users/ashwin/workspace/fyle/fyle-qbo-app-2/src/app/core/services/integration/tracking.service.ts": {"lines":{"total":45,"covered":32,"skipped":0,"pct":71.11},"functions":{"total":21,"covered":16,"skipped":0,"pct":76.19},"statements":{"total":45,"covered":32,"skipped":0,"pct":71.11},"branches":{"total":19,"covered":12,"skipped":0,"pct":63.15}}
,"/Users/ashwin/workspace/fyle/fyle-qbo-app-2/src/app/core/services/misc/mapping.service.ts": {"lines":{"total":37,"covered":34,"skipped":0,"pct":91.89},"functions":{"total":22,"covered":19,"skipped":0,"pct":86.36},"statements":{"total":37,"covered":34,"skipped":0,"pct":91.89},"branches":{"total":15,"covered":12,"skipped":0,"pct":80}}
,"/Users/ashwin/workspace/fyle/fyle-qbo-app-2/src/app/core/services/misc/user.service.ts": {"lines":{"total":14,"covered":12,"skipped":0,"pct":85.71},"functions":{"total":7,"covered":6,"skipped":0,"pct":85.71},"statements":{"total":14,"covered":12,"skipped":0,"pct":85.71},"branches":{"total":6,"covered":4,"skipped":0,"pct":66.66}}
,"/Users/ashwin/workspace/fyle/fyle-qbo-app-2/src/app/core/services/workspace/workspace.service.ts": {"lines":{"total":21,"covered":19,"skipped":0,"pct":90.47},"functions":{"total":14,"covered":12,"skipped":0,"pct":85.71},"statements":{"total":21,"covered":19,"skipped":0,"pct":90.47},"branches":{"total":2,"covered":2,"skipped":0,"pct":100}}
,"/Users/ashwin/workspace/fyle/fyle-qbo-app-2/src/app/integration/integration-routing.module.ts": {"lines":{"total":9,"covered":9,"skipped":0,"pct":100},"functions":{"total":6,"covered":6,"skipped":0,"pct":100},"statements":{"total":11,"covered":11,"skipped":0,"pct":100},"branches":{"total":2,"covered":2,"skipped":0,"pct":100}}
,"/Users/ashwin/workspace/fyle/fyle-qbo-app-2/src/app/integration/integration.component.ts": {"lines":{"total":47,"covered":44,"skipped":0,"pct":93.61},"functions":{"total":12,"covered":11,"skipped":0,"pct":91.66},"statements":{"total":47,"covered":44,"skipped":0,"pct":93.61},"branches":{"total":12,"covered":11,"skipped":0,"pct":91.66}}
,"/Users/ashwin/workspace/fyle/fyle-qbo-app-2/src/app/integration/integration.module.ts": {"lines":{"total":6,"covered":6,"skipped":0,"pct":100},"functions":{"total":2,"covered":2,"skipped":0,"pct":100},"statements":{"total":6,"covered":6,"skipped":0,"pct":100},"branches":{"total":2,"covered":2,"skipped":0,"pct":100}}
,"/Users/ashwin/workspace/fyle/fyle-qbo-app-2/src/app/integration/main/main-routing.module.ts": {"lines":{"total":11,"covered":11,"skipped":0,"pct":100},"functions":{"total":10,"covered":10,"skipped":0,"pct":100},"statements":{"total":15,"covered":15,"skipped":0,"pct":100},"branches":{"total":2,"covered":2,"skipped":0,"pct":100}}
,"/Users/ashwin/workspace/fyle/fyle-qbo-app-2/src/app/integration/main/main.component.ts": {"lines":{"total":219,"covered":219,"skipped":0,"pct":100},"functions":{"total":39,"covered":39,"skipped":0,"pct":100},"statements":{"total":221,"covered":221,"skipped":0,"pct":100},"branches":{"total":139,"covered":133,"skipped":0,"pct":95.68}}
,"/Users/ashwin/workspace/fyle/fyle-qbo-app-2/src/app/integration/main/main.module.ts": {"lines":{"total":6,"covered":6,"skipped":0,"pct":100},"functions":{"total":2,"covered":2,"skipped":0,"pct":100},"statements":{"total":6,"covered":6,"skipped":0,"pct":100},"branches":{"total":2,"covered":2,"skipped":0,"pct":100}}
,"/Users/ashwin/workspace/fyle/fyle-qbo-app-2/src/app/integration/main/configuration/configuration-routing.module.ts": {"lines":{"total":7,"covered":7,"skipped":0,"pct":100},"functions":{"total":2,"covered":2,"skipped":0,"pct":100},"statements":{"total":7,"covered":7,"skipped":0,"pct":100},"branches":{"total":2,"covered":2,"skipped":0,"pct":100}}
,"/Users/ashwin/workspace/fyle/fyle-qbo-app-2/src/app/integration/main/configuration/configuration.component.ts": {"lines":{"total":12,"covered":12,"skipped":0,"pct":100},"functions":{"total":5,"covered":5,"skipped":0,"pct":100},"statements":{"total":12,"covered":12,"skipped":0,"pct":100},"branches":{"total":4,"covered":4,"skipped":0,"pct":100}}
,"/Users/ashwin/workspace/fyle/fyle-qbo-app-2/src/app/integration/main/configuration/configuration.module.ts": {"lines":{"total":6,"covered":6,"skipped":0,"pct":100},"functions":{"total":2,"covered":2,"skipped":0,"pct":100},"statements":{"total":6,"covered":6,"skipped":0,"pct":100},"branches":{"total":2,"covered":2,"skipped":0,"pct":100}}
,"/Users/ashwin/workspace/fyle/fyle-qbo-app-2/src/app/integration/main/configuration/configuration-advanced-settings/configuration-advanced-settings.component.ts": {"lines":{"total":9,"covered":9,"skipped":0,"pct":100},"functions":{"total":5,"covered":5,"skipped":0,"pct":100},"statements":{"total":9,"covered":9,"skipped":0,"pct":100},"branches":{"total":4,"covered":4,"skipped":0,"pct":100}}
,"/Users/ashwin/workspace/fyle/fyle-qbo-app-2/src/app/integration/main/configuration/configuration-employee-settings/configuration-employee-settings.component.ts": {"lines":{"total":9,"covered":9,"skipped":0,"pct":100},"functions":{"total":5,"covered":5,"skipped":0,"pct":100},"statements":{"total":9,"covered":9,"skipped":0,"pct":100},"branches":{"total":4,"covered":4,"skipped":0,"pct":100}}
,"/Users/ashwin/workspace/fyle/fyle-qbo-app-2/src/app/integration/main/configuration/configuration-export-settings/configuration-export-settings.component.ts": {"lines":{"total":9,"covered":9,"skipped":0,"pct":100},"functions":{"total":5,"covered":5,"skipped":0,"pct":100},"statements":{"total":9,"covered":9,"skipped":0,"pct":100},"branches":{"total":4,"covered":4,"skipped":0,"pct":100}}
,"/Users/ashwin/workspace/fyle/fyle-qbo-app-2/src/app/integration/main/configuration/configuration-import-settings/configuration-import-settings.component.ts": {"lines":{"total":9,"covered":9,"skipped":0,"pct":100},"functions":{"total":5,"covered":5,"skipped":0,"pct":100},"statements":{"total":9,"covered":9,"skipped":0,"pct":100},"branches":{"total":4,"covered":4,"skipped":0,"pct":100}}
,"/Users/ashwin/workspace/fyle/fyle-qbo-app-2/src/app/integration/main/dashboard/dashboard-routing.module.ts": {"lines":{"total":7,"covered":7,"skipped":0,"pct":100},"functions":{"total":2,"covered":2,"skipped":0,"pct":100},"statements":{"total":7,"covered":7,"skipped":0,"pct":100},"branches":{"total":2,"covered":2,"skipped":0,"pct":100}}
,"/Users/ashwin/workspace/fyle/fyle-qbo-app-2/src/app/integration/main/dashboard/dashboard.component.ts": {"lines":{"total":614,"covered":514,"skipped":0,"pct":83.71},"functions":{"total":87,"covered":75,"skipped":0,"pct":86.2},"statements":{"total":626,"covered":524,"skipped":0,"pct":83.7},"branches":{"total":392,"covered":279,"skipped":0,"pct":71.17}}
,"/Users/ashwin/workspace/fyle/fyle-qbo-app-2/src/app/integration/main/dashboard/dashboard.module.ts": {"lines":{"total":6,"covered":6,"skipped":0,"pct":100},"functions":{"total":2,"covered":2,"skipped":0,"pct":100},"statements":{"total":6,"covered":6,"skipped":0,"pct":100},"branches":{"total":2,"covered":2,"skipped":0,"pct":100}}
,"/Users/ashwin/workspace/fyle/fyle-qbo-app-2/src/app/integration/main/export-log/export-log-routing.module.ts": {"lines":{"total":7,"covered":7,"skipped":0,"pct":100},"functions":{"total":2,"covered":2,"skipped":0,"pct":100},"statements":{"total":7,"covered":7,"skipped":0,"pct":100},"branches":{"total":2,"covered":2,"skipped":0,"pct":100}}
,"/Users/ashwin/workspace/fyle/fyle-qbo-app-2/src/app/integration/main/export-log/export-log.component.ts": {"lines":{"total":240,"covered":231,"skipped":0,"pct":96.25},"functions":{"total":32,"covered":31,"skipped":0,"pct":96.87},"statements":{"total":240,"covered":231,"skipped":0,"pct":96.25},"branches":{"total":73,"covered":68,"skipped":0,"pct":93.15}}
,"/Users/ashwin/workspace/fyle/fyle-qbo-app-2/src/app/integration/main/export-log/export-log.module.ts": {"lines":{"total":6,"covered":6,"skipped":0,"pct":100},"functions":{"total":2,"covered":2,"skipped":0,"pct":100},"statements":{"total":6,"covered":6,"skipped":0,"pct":100},"branches":{"total":2,"covered":2,"skipped":0,"pct":100}}
,"/Users/ashwin/workspace/fyle/fyle-qbo-app-2/src/app/integration/main/export-log/export-log-child-dialog/export-log-child-dialog.component.ts": {"lines":{"total":62,"covered":58,"skipped":0,"pct":93.54},"functions":{"total":13,"covered":11,"skipped":0,"pct":84.61},"statements":{"total":62,"covered":58,"skipped":0,"pct":93.54},"branches":{"total":14,"covered":11,"skipped":0,"pct":78.57}}
,"/Users/ashwin/workspace/fyle/fyle-qbo-app-2/src/app/integration/main/mapping/mapping-routing.module.ts": {"lines":{"total":7,"covered":7,"skipped":0,"pct":100},"functions":{"total":2,"covered":2,"skipped":0,"pct":100},"statements":{"total":7,"covered":7,"skipped":0,"pct":100},"branches":{"total":2,"covered":2,"skipped":0,"pct":100}}
,"/Users/ashwin/workspace/fyle/fyle-qbo-app-2/src/app/integration/main/mapping/mapping.component.ts": {"lines":{"total":12,"covered":12,"skipped":0,"pct":100},"functions":{"total":5,"covered":5,"skipped":0,"pct":100},"statements":{"total":12,"covered":12,"skipped":0,"pct":100},"branches":{"total":4,"covered":4,"skipped":0,"pct":100}}
,"/Users/ashwin/workspace/fyle/fyle-qbo-app-2/src/app/integration/main/mapping/mapping.module.ts": {"lines":{"total":6,"covered":6,"skipped":0,"pct":100},"functions":{"total":2,"covered":2,"skipped":0,"pct":100},"statements":{"total":6,"covered":6,"skipped":0,"pct":100},"branches":{"total":2,"covered":2,"skipped":0,"pct":100}}
,"/Users/ashwin/workspace/fyle/fyle-qbo-app-2/src/app/integration/main/mapping/custom-mapping/custom-mapping.component.ts": {"lines":{"total":370,"covered":333,"skipped":0,"pct":90},"functions":{"total":60,"covered":52,"skipped":0,"pct":86.66},"statements":{"total":374,"covered":336,"skipped":0,"pct":89.83},"branches":{"total":121,"covered":106,"skipped":0,"pct":87.6}}
,"/Users/ashwin/workspace/fyle/fyle-qbo-app-2/src/app/integration/main/mapping/employee-mapping/employee-mapping.component.ts": {"lines":{"total":164,"covered":146,"skipped":0,"pct":89.02},"functions":{"total":31,"covered":27,"skipped":0,"pct":87.09},"statements":{"total":164,"covered":146,"skipped":0,"pct":89.02},"branches":{"total":80,"covered":51,"skipped":0,"pct":63.75}}
,"/Users/ashwin/workspace/fyle/fyle-qbo-app-2/src/app/integration/onboarding/onboarding-routing.module.ts": {"lines":{"total":7,"covered":7,"skipped":0,"pct":100},"functions":{"total":2,"covered":2,"skipped":0,"pct":100},"statements":{"total":7,"covered":7,"skipped":0,"pct":100},"branches":{"total":2,"covered":2,"skipped":0,"pct":100}}
,"/Users/ashwin/workspace/fyle/fyle-qbo-app-2/src/app/integration/onboarding/onboarding.component.ts": {"lines":{"total":16,"covered":15,"skipped":0,"pct":93.75},"functions":{"total":6,"covered":6,"skipped":0,"pct":100},"statements":{"total":16,"covered":15,"skipped":0,"pct":93.75},"branches":{"total":6,"covered":5,"skipped":0,"pct":83.33}}
,"/Users/ashwin/workspace/fyle/fyle-qbo-app-2/src/app/integration/onboarding/onboarding.module.ts": {"lines":{"total":6,"covered":6,"skipped":0,"pct":100},"functions":{"total":2,"covered":2,"skipped":0,"pct":100},"statements":{"total":6,"covered":6,"skipped":0,"pct":100},"branches":{"total":2,"covered":2,"skipped":0,"pct":100}}
,"/Users/ashwin/workspace/fyle/fyle-qbo-app-2/src/app/integration/onboarding/onboarding-advanced-settings/onboarding-advanced-settings.component.ts": {"lines":{"total":9,"covered":9,"skipped":0,"pct":100},"functions":{"total":5,"covered":5,"skipped":0,"pct":100},"statements":{"total":9,"covered":9,"skipped":0,"pct":100},"branches":{"total":6,"covered":6,"skipped":0,"pct":100}}
,"/Users/ashwin/workspace/fyle/fyle-qbo-app-2/src/app/integration/onboarding/onboarding-done/onboarding-done.component.ts": {"lines":{"total":43,"covered":43,"skipped":0,"pct":100},"functions":{"total":8,"covered":8,"skipped":0,"pct":100},"statements":{"total":43,"covered":43,"skipped":0,"pct":100},"branches":{"total":4,"covered":4,"skipped":0,"pct":100}}
,"/Users/ashwin/workspace/fyle/fyle-qbo-app-2/src/app/integration/onboarding/onboarding-employee-settings/onboarding-employee-settings.component.ts": {"lines":{"total":9,"covered":9,"skipped":0,"pct":100},"functions":{"total":5,"covered":5,"skipped":0,"pct":100},"statements":{"total":9,"covered":9,"skipped":0,"pct":100},"branches":{"total":6,"covered":6,"skipped":0,"pct":100}}
,"/Users/ashwin/workspace/fyle/fyle-qbo-app-2/src/app/integration/onboarding/onboarding-export-settings/onboarding-export-settings.component.ts": {"lines":{"total":9,"covered":9,"skipped":0,"pct":100},"functions":{"total":5,"covered":5,"skipped":0,"pct":100},"statements":{"total":9,"covered":9,"skipped":0,"pct":100},"branches":{"total":6,"covered":6,"skipped":0,"pct":100}}
,"/Users/ashwin/workspace/fyle/fyle-qbo-app-2/src/app/integration/onboarding/onboarding-import-settings/onboarding-import-settings.component.ts": {"lines":{"total":9,"covered":9,"skipped":0,"pct":100},"functions":{"total":5,"covered":5,"skipped":0,"pct":100},"statements":{"total":9,"covered":9,"skipped":0,"pct":100},"branches":{"total":6,"covered":6,"skipped":0,"pct":100}}
,"/Users/ashwin/workspace/fyle/fyle-qbo-app-2/src/app/integration/onboarding/onboarding-landing/onboarding-landing.component.ts": {"lines":{"total":55,"covered":46,"skipped":0,"pct":83.63},"functions":{"total":9,"covered":5,"skipped":0,"pct":55.55},"statements":{"total":55,"covered":46,"skipped":0,"pct":83.63},"branches":{"total":8,"covered":5,"skipped":0,"pct":62.5}}
,"/Users/ashwin/workspace/fyle/fyle-qbo-app-2/src/app/integration/onboarding/onboarding-qbo-connector/onboarding-qbo-connector.component.ts": {"lines":{"total":9,"covered":9,"skipped":0,"pct":100},"functions":{"total":5,"covered":5,"skipped":0,"pct":100},"statements":{"total":9,"covered":9,"skipped":0,"pct":100},"branches":{"total":6,"covered":6,"skipped":0,"pct":100}}
,"/Users/ashwin/workspace/fyle/fyle-qbo-app-2/src/app/shared/shared.module.ts": {"lines":{"total":6,"covered":6,"skipped":0,"pct":100},"functions":{"total":2,"covered":2,"skipped":0,"pct":100},"statements":{"total":6,"covered":6,"skipped":0,"pct":100},"branches":{"total":2,"covered":2,"skipped":0,"pct":100}}
,"/Users/ashwin/workspace/fyle/fyle-qbo-app-2/src/app/shared/components/configuration/advanced-settings/advanced-settings.component.ts": {"lines":{"total":265,"covered":234,"skipped":0,"pct":88.3},"functions":{"total":47,"covered":38,"skipped":0,"pct":80.85},"statements":{"total":266,"covered":234,"skipped":0,"pct":87.96},"branches":{"total":131,"covered":105,"skipped":0,"pct":80.15}}
,"/Users/ashwin/workspace/fyle/fyle-qbo-app-2/src/app/shared/components/configuration/advanced-settings/add-email-dialog/add-email-dialog.component.ts": {"lines":{"total":70,"covered":65,"skipped":0,"pct":92.85},"functions":{"total":11,"covered":10,"skipped":0,"pct":90.9},"statements":{"total":70,"covered":65,"skipped":0,"pct":92.85},"branches":{"total":20,"covered":15,"skipped":0,"pct":75}}
,"/Users/ashwin/workspace/fyle/fyle-qbo-app-2/src/app/shared/components/configuration/configuration-select-field/configuration-select-field.component.ts": {"lines":{"total":258,"covered":232,"skipped":0,"pct":89.92},"functions":{"total":36,"covered":30,"skipped":0,"pct":83.33},"statements":{"total":258,"covered":232,"skipped":0,"pct":89.92},"branches":{"total":92,"covered":78,"skipped":0,"pct":84.78}}
,"/Users/ashwin/workspace/fyle/fyle-qbo-app-2/src/app/shared/components/configuration/configuration-step-footer-section/configuration-step-footer-section.component.ts": {"lines":{"total":57,"covered":53,"skipped":0,"pct":92.98},"functions":{"total":13,"covered":11,"skipped":0,"pct":84.61},"statements":{"total":57,"covered":53,"skipped":0,"pct":92.98},"branches":{"total":20,"covered":20,"skipped":0,"pct":100}}
,"/Users/ashwin/workspace/fyle/fyle-qbo-app-2/src/app/shared/components/configuration/configuration-step-header-section/configuration-step-header-section.component.ts": {"lines":{"total":96,"covered":88,"skipped":0,"pct":91.66},"functions":{"total":13,"covered":10,"skipped":0,"pct":76.92},"statements":{"total":96,"covered":88,"skipped":0,"pct":91.66},"branches":{"total":27,"covered":26,"skipped":0,"pct":96.29}}
,"/Users/ashwin/workspace/fyle/fyle-qbo-app-2/src/app/shared/components/configuration/configuration-toggle-field/configuration-toggle-field.component.ts": {"lines":{"total":51,"covered":51,"skipped":0,"pct":100},"functions":{"total":7,"covered":7,"skipped":0,"pct":100},"statements":{"total":51,"covered":51,"skipped":0,"pct":100},"branches":{"total":16,"covered":16,"skipped":0,"pct":100}}
,"/Users/ashwin/workspace/fyle/fyle-qbo-app-2/src/app/shared/components/configuration/email-multi-select-field/email-multi-select-field.component.ts": {"lines":{"total":157,"covered":110,"skipped":0,"pct":70.06},"functions":{"total":23,"covered":10,"skipped":0,"pct":43.47},"statements":{"total":158,"covered":110,"skipped":0,"pct":69.62},"branches":{"total":53,"covered":23,"skipped":0,"pct":43.39}}
,"/Users/ashwin/workspace/fyle/fyle-qbo-app-2/src/app/shared/components/configuration/employee-settings/employee-settings.component.ts": {"lines":{"total":122,"covered":115,"skipped":0,"pct":94.26},"functions":{"total":30,"covered":27,"skipped":0,"pct":90},"statements":{"total":124,"covered":117,"skipped":0,"pct":94.35},"branches":{"total":76,"covered":69,"skipped":0,"pct":90.78}}
,"/Users/ashwin/workspace/fyle/fyle-qbo-app-2/src/app/shared/components/configuration/export-settings/export-settings.component.ts": {"lines":{"total":420,"covered":359,"skipped":0,"pct":85.47},"functions":{"total":78,"covered":67,"skipped":0,"pct":85.89},"statements":{"total":422,"covered":359,"skipped":0,"pct":85.07},"branches":{"total":407,"covered":309,"skipped":0,"pct":75.92}}
,"/Users/ashwin/workspace/fyle/fyle-qbo-app-2/src/app/shared/components/configuration/import-settings/import-settings.component.ts": {"lines":{"total":379,"covered":267,"skipped":0,"pct":70.44},"functions":{"total":71,"covered":49,"skipped":0,"pct":69.01},"statements":{"total":391,"covered":276,"skipped":0,"pct":70.58},"branches":{"total":166,"covered":122,"skipped":0,"pct":73.49}}
,"/Users/ashwin/workspace/fyle/fyle-qbo-app-2/src/app/shared/components/configuration/import-settings/expense-field-creation-dialog/expense-field-creation-dialog.component.ts": {"lines":{"total":79,"covered":69,"skipped":0,"pct":87.34},"functions":{"total":10,"covered":7,"skipped":0,"pct":70},"statements":{"total":79,"covered":69,"skipped":0,"pct":87.34},"branches":{"total":28,"covered":12,"skipped":0,"pct":42.85}}
,"/Users/ashwin/workspace/fyle/fyle-qbo-app-2/src/app/shared/components/configuration/preview-dialog/preview-dialog.component.ts": {"lines":{"total":62,"covered":46,"skipped":0,"pct":74.19},"functions":{"total":14,"covered":6,"skipped":0,"pct":42.85},"statements":{"total":62,"covered":46,"skipped":0,"pct":74.19},"branches":{"total":24,"covered":8,"skipped":0,"pct":33.33}}
,"/Users/ashwin/workspace/fyle/fyle-qbo-app-2/src/app/shared/components/configuration/qbo-connector/qbo-connector.component.ts": {"lines":{"total":250,"covered":155,"skipped":0,"pct":62},"functions":{"total":43,"covered":19,"skipped":0,"pct":44.18},"statements":{"total":250,"covered":155,"skipped":0,"pct":62},"branches":{"total":93,"covered":47,"skipped":0,"pct":50.53}}
,"/Users/ashwin/workspace/fyle/fyle-qbo-app-2/src/app/shared/components/core/confirmation-dialog/confirmation-dialog.component.ts": {"lines":{"total":41,"covered":40,"skipped":0,"pct":97.56},"functions":{"total":8,"covered":7,"skipped":0,"pct":87.5},"statements":{"total":41,"covered":40,"skipped":0,"pct":97.56},"branches":{"total":10,"covered":9,"skipped":0,"pct":90}}
,"/Users/ashwin/workspace/fyle/fyle-qbo-app-2/src/app/shared/components/core/header/header.component.ts": {"lines":{"total":290,"covered":237,"skipped":0,"pct":81.72},"functions":{"total":35,"covered":19,"skipped":0,"pct":54.28},"statements":{"total":290,"covered":237,"skipped":0,"pct":81.72},"branches":{"total":99,"covered":79,"skipped":0,"pct":79.79}}
,"/Users/ashwin/workspace/fyle/fyle-qbo-app-2/src/app/shared/components/core/loader/loader.component.ts": {"lines":{"total":22,"covered":20,"skipped":0,"pct":90.9},"functions":{"total":8,"covered":7,"skipped":0,"pct":87.5},"statements":{"total":22,"covered":20,"skipped":0,"pct":90.9},"branches":{"total":10,"covered":8,"skipped":0,"pct":80}}
,"/Users/ashwin/workspace/fyle/fyle-qbo-app-2/src/app/shared/components/core/onboarding-footer/onboarding-footer.component.ts": {"lines":{"total":19,"covered":19,"skipped":0,"pct":100},"functions":{"total":6,"covered":6,"skipped":0,"pct":100},"statements":{"total":19,"covered":19,"skipped":0,"pct":100},"branches":{"total":6,"covered":6,"skipped":0,"pct":100}}
,"/Users/ashwin/workspace/fyle/fyle-qbo-app-2/src/app/shared/components/core/zero-state-with-illustration/zero-state-with-illustration.component.ts": {"lines":{"total":145,"covered":134,"skipped":0,"pct":92.41},"functions":{"total":23,"covered":21,"skipped":0,"pct":91.3},"statements":{"total":145,"covered":134,"skipped":0,"pct":92.41},"branches":{"total":79,"covered":63,"skipped":0,"pct":79.74}}
,"/Users/ashwin/workspace/fyle/fyle-qbo-app-2/src/app/shared/components/dashboard/dashboard-export-log-dialog/dashboard-export-log-dialog.component.ts": {"lines":{"total":99,"covered":97,"skipped":0,"pct":97.97},"functions":{"total":15,"covered":15,"skipped":0,"pct":100},"statements":{"total":99,"covered":97,"skipped":0,"pct":97.97},"branches":{"total":36,"covered":33,"skipped":0,"pct":91.66}}
,"/Users/ashwin/workspace/fyle/fyle-qbo-app-2/src/app/shared/components/dashboard/dashboard-header-section/dashboard-header-section.component.ts": {"lines":{"total":27,"covered":27,"skipped":0,"pct":100},"functions":{"total":7,"covered":7,"skipped":0,"pct":100},"statements":{"total":27,"covered":27,"skipped":0,"pct":100},"branches":{"total":6,"covered":6,"skipped":0,"pct":100}}
,"/Users/ashwin/workspace/fyle/fyle-qbo-app-2/src/app/shared/components/dashboard/dashboard-qbo-error-dialog/dashboard-qbo-error-dialog.component.ts": {"lines":{"total":43,"covered":43,"skipped":0,"pct":100},"functions":{"total":8,"covered":8,"skipped":0,"pct":100},"statements":{"total":43,"covered":43,"skipped":0,"pct":100},"branches":{"total":8,"covered":7,"skipped":0,"pct":87.5}}
,"/Users/ashwin/workspace/fyle/fyle-qbo-app-2/src/app/shared/components/dashboard/dashboard-resolve-mapping-error-dialog/dashboard-resolve-mapping-error-dialog.component.ts": {"lines":{"total":227,"covered":209,"skipped":0,"pct":92.07},"functions":{"total":38,"covered":33,"skipped":0,"pct":86.84},"statements":{"total":229,"covered":210,"skipped":0,"pct":91.7},"branches":{"total":66,"covered":56,"skipped":0,"pct":84.84}}
,"/Users/ashwin/workspace/fyle/fyle-qbo-app-2/src/app/shared/components/export-log/export-log-child-table/export-log-child-table.component.ts": {"lines":{"total":150,"covered":146,"skipped":0,"pct":97.33},"functions":{"total":25,"covered":24,"skipped":0,"pct":96},"statements":{"total":150,"covered":146,"skipped":0,"pct":97.33},"branches":{"total":58,"covered":58,"skipped":0,"pct":100}}
,"/Users/ashwin/workspace/fyle/fyle-qbo-app-2/src/app/shared/components/export-log/export-log-table/export-log-table.component.ts": {"lines":{"total":198,"covered":178,"skipped":0,"pct":89.89},"functions":{"total":30,"covered":25,"skipped":0,"pct":83.33},"statements":{"total":198,"covered":178,"skipped":0,"pct":89.89},"branches":{"total":64,"covered":61,"skipped":0,"pct":95.31}}
,"/Users/ashwin/workspace/fyle/fyle-qbo-app-2/src/app/shared/components/helpers/mandatory-error-message/mandatory-error-message.component.ts": {"lines":{"total":36,"covered":24,"skipped":0,"pct":66.66},"functions":{"total":7,"covered":6,"skipped":0,"pct":85.71},"statements":{"total":36,"covered":24,"skipped":0,"pct":66.66},"branches":{"total":18,"covered":11,"skipped":0,"pct":61.11}}
,"/Users/ashwin/workspace/fyle/fyle-qbo-app-2/src/app/shared/components/helpers/mandatory-field/mandatory-field.component.ts": {"lines":{"total":9,"covered":9,"skipped":0,"pct":100},"functions":{"total":5,"covered":5,"skipped":0,"pct":100},"statements":{"total":9,"covered":9,"skipped":0,"pct":100},"branches":{"total":4,"covered":4,"skipped":0,"pct":100}}
,"/Users/ashwin/workspace/fyle/fyle-qbo-app-2/src/app/shared/components/helpers/onboarding-stepper/onboarding-stepper.component.ts": {"lines":{"total":92,"covered":82,"skipped":0,"pct":89.13},"functions":{"total":17,"covered":14,"skipped":0,"pct":82.35},"statements":{"total":92,"covered":82,"skipped":0,"pct":89.13},"branches":{"total":60,"covered":58,"skipped":0,"pct":96.66}}
,"/Users/ashwin/workspace/fyle/fyle-qbo-app-2/src/app/shared/components/helpers/paginator/paginator.component.ts": {"lines":{"total":110,"covered":73,"skipped":0,"pct":66.36},"functions":{"total":17,"covered":12,"skipped":0,"pct":70.58},"statements":{"total":110,"covered":73,"skipped":0,"pct":66.36},"branches":{"total":68,"covered":20,"skipped":0,"pct":29.41}}
,"/Users/ashwin/workspace/fyle/fyle-qbo-app-2/src/app/shared/components/helpers/simple-text-search/simple-text-search.component.ts": {"lines":{"total":74,"covered":74,"skipped":0,"pct":100},"functions":{"total":17,"covered":17,"skipped":0,"pct":100},"statements":{"total":74,"covered":74,"skipped":0,"pct":100},"branches":{"total":34,"covered":33,"skipped":0,"pct":97.05}}
,"/Users/ashwin/workspace/fyle/fyle-qbo-app-2/src/app/shared/components/mapping/generic-mapping/generic-mapping.component.ts": {"lines":{"total":167,"covered":151,"skipped":0,"pct":90.41},"functions":{"total":34,"covered":30,"skipped":0,"pct":88.23},"statements":{"total":169,"covered":153,"skipped":0,"pct":90.53},"branches":{"total":69,"covered":52,"skipped":0,"pct":75.36}}
,"/Users/ashwin/workspace/fyle/fyle-qbo-app-2/src/app/shared/components/mapping/mapping-filter/mapping-filter.component.ts": {"lines":{"total":59,"covered":43,"skipped":0,"pct":72.88},"functions":{"total":13,"covered":8,"skipped":0,"pct":61.53},"statements":{"total":59,"covered":43,"skipped":0,"pct":72.88},"branches":{"total":27,"covered":18,"skipped":0,"pct":66.66}}
,"/Users/ashwin/workspace/fyle/fyle-qbo-app-2/src/app/shared/components/mapping/mapping-header-section/mapping-header-section.component.ts": {"lines":{"total":122,"covered":104,"skipped":0,"pct":85.24},"functions":{"total":20,"covered":15,"skipped":0,"pct":75},"statements":{"total":123,"covered":104,"skipped":0,"pct":84.55},"branches":{"total":37,"covered":33,"skipped":0,"pct":89.18}}
,"/Users/ashwin/workspace/fyle/fyle-qbo-app-2/src/app/shared/components/mapping/mapping-table/mapping-table.component.ts": {"lines":{"total":171,"covered":161,"skipped":0,"pct":94.15},"functions":{"total":24,"covered":22,"skipped":0,"pct":91.66},"statements":{"total":171,"covered":161,"skipped":0,"pct":94.15},"branches":{"total":62,"covered":55,"skipped":0,"pct":88.7}}
,"/Users/ashwin/workspace/fyle/fyle-qbo-app-2/src/app/shared/pipes/search.pipe.ts": {"lines":{"total":11,"covered":7,"skipped":0,"pct":63.63},"functions":{"total":4,"covered":3,"skipped":0,"pct":75},"statements":{"total":11,"covered":7,"skipped":0,"pct":63.63},"branches":{"total":16,"covered":7,"skipped":0,"pct":43.75}}
,"/Users/ashwin/workspace/fyle/fyle-qbo-app-2/src/app/shared/pipes/snake-case-to-space-case.pipe.ts": {"lines":{"total":8,"covered":8,"skipped":0,"pct":100},"functions":{"total":3,"covered":3,"skipped":0,"pct":100},"statements":{"total":8,"covered":8,"skipped":0,"pct":100},"branches":{"total":6,"covered":6,"skipped":0,"pct":100}}
,"/Users/ashwin/workspace/fyle/fyle-qbo-app-2/src/app/shared/pipes/trim-character.pipe.ts": {"lines":{"total":8,"covered":8,"skipped":0,"pct":100},"functions":{"total":3,"covered":3,"skipped":0,"pct":100},"statements":{"total":8,"covered":8,"skipped":0,"pct":100},"branches":{"total":4,"covered":4,"skipped":0,"pct":100}}
}
