{"total": {"lines":{"total":7294,"covered":4746,"skipped":0,"pct":65.06},"statements":{"total":7354,"covered":4781,"skipped":0,"pct":65.01},"functions":{"total":1487,"covered":984,"skipped":0,"pct":66.17},"branches":{"total":3475,"covered":2147,"skipped":0,"pct":61.78},"branchesTrue":{"total":0,"covered":0,"skipped":0,"pct":100}}
,"/Users/ashwin/workspace/fyle/fyle-qbo-app-2/src/app/app-routing.module.ts": {"lines":{"total":10,"covered":9,"skipped":0,"pct":90},"functions":{"total":8,"covered":6,"skipped":0,"pct":75},"statements":{"total":13,"covered":11,"skipped":0,"pct":84.61},"branches":{"total":2,"covered":2,"skipped":0,"pct":100}}
,"/Users/ashwin/workspace/fyle/fyle-qbo-app-2/src/app/app.component.ts": {"lines":{"total":7,"covered":7,"skipped":0,"pct":100},"functions":{"total":3,"covered":3,"skipped":0,"pct":100},"statements":{"total":7,"covered":7,"skipped":0,"pct":100},"branches":{"total":4,"covered":4,"skipped":0,"pct":100}}
,"/Users/ashwin/workspace/fyle/fyle-qbo-app-2/src/app/app.errorhandling.ts": {"lines":{"total":8,"covered":4,"skipped":0,"pct":50},"functions":{"total":3,"covered":1,"skipped":0,"pct":33.33},"statements":{"total":8,"covered":4,"skipped":0,"pct":50},"branches":{"total":4,"covered":0,"skipped":0,"pct":0}}
,"/Users/ashwin/workspace/fyle/fyle-qbo-app-2/src/app/app.module.ts": {"lines":{"total":6,"covered":6,"skipped":0,"pct":100},"functions":{"total":2,"covered":2,"skipped":0,"pct":100},"statements":{"total":6,"covered":6,"skipped":0,"pct":100},"branches":{"total":2,"covered":2,"skipped":0,"pct":100}}
,"/Users/ashwin/workspace/fyle/fyle-qbo-app-2/src/app/auth/auth-routing.module.ts": {"lines":{"total":7,"covered":7,"skipped":0,"pct":100},"functions":{"total":2,"covered":2,"skipped":0,"pct":100},"statements":{"total":7,"covered":7,"skipped":0,"pct":100},"branches":{"total":2,"covered":2,"skipped":0,"pct":100}}
,"/Users/ashwin/workspace/fyle/fyle-qbo-app-2/src/app/auth/auth.component.ts": {"lines":{"total":13,"covered":13,"skipped":0,"pct":100},"functions":{"total":5,"covered":5,"skipped":0,"pct":100},"statements":{"total":13,"covered":13,"skipped":0,"pct":100},"branches":{"total":4,"covered":4,"skipped":0,"pct":100}}
,"/Users/ashwin/workspace/fyle/fyle-qbo-app-2/src/app/auth/auth.module.ts": {"lines":{"total":6,"covered":6,"skipped":0,"pct":100},"functions":{"total":2,"covered":2,"skipped":0,"pct":100},"statements":{"total":6,"covered":6,"skipped":0,"pct":100},"branches":{"total":2,"covered":2,"skipped":0,"pct":100}}
,"/Users/ashwin/workspace/fyle/fyle-qbo-app-2/src/app/auth/fyle-callback/fyle-callback.component.ts": {"lines":{"total":30,"covered":4,"skipped":0,"pct":13.33},"functions":{"total":11,"covered":1,"skipped":0,"pct":9.09},"statements":{"total":30,"covered":4,"skipped":0,"pct":13.33},"branches":{"total":8,"covered":0,"skipped":0,"pct":0}}
,"/Users/ashwin/workspace/fyle/fyle-qbo-app-2/src/app/auth/login/login.component.ts": {"lines":{"total":17,"covered":14,"skipped":0,"pct":82.35},"functions":{"total":8,"covered":6,"skipped":0,"pct":75},"statements":{"total":17,"covered":14,"skipped":0,"pct":82.35},"branches":{"total":6,"covered":5,"skipped":0,"pct":83.33}}
,"/Users/ashwin/workspace/fyle/fyle-qbo-app-2/src/app/auth/logout/logout.component.ts": {"lines":{"total":9,"covered":4,"skipped":0,"pct":44.44},"functions":{"total":5,"covered":1,"skipped":0,"pct":20},"statements":{"total":9,"covered":4,"skipped":0,"pct":44.44},"branches":{"total":2,"covered":0,"skipped":0,"pct":0}}
,"/Users/ashwin/workspace/fyle/fyle-qbo-app-2/src/app/auth/shared-login/shared-login.component.ts": {"lines":{"total":20,"covered":4,"skipped":0,"pct":20},"functions":{"total":8,"covered":1,"skipped":0,"pct":12.5},"statements":{"total":20,"covered":4,"skipped":0,"pct":20},"branches":{"total":4,"covered":0,"skipped":0,"pct":0}}
,"/Users/ashwin/workspace/fyle/fyle-qbo-app-2/src/app/core/guard/auth.guard.ts": {"lines":{"total":11,"covered":11,"skipped":0,"pct":100},"functions":{"total":4,"covered":4,"skipped":0,"pct":100},"statements":{"total":11,"covered":11,"skipped":0,"pct":100},"branches":{"total":4,"covered":4,"skipped":0,"pct":100}}
,"/Users/ashwin/workspace/fyle/fyle-qbo-app-2/src/app/core/guard/workspaces.guard.ts": {"lines":{"total":23,"covered":13,"skipped":0,"pct":56.52},"functions":{"total":6,"covered":5,"skipped":0,"pct":83.33},"statements":{"total":24,"covered":14,"skipped":0,"pct":58.33},"branches":{"total":8,"covered":3,"skipped":0,"pct":37.5}}
,"/Users/ashwin/workspace/fyle/fyle-qbo-app-2/src/app/core/interceptors/jwt.interceptor.ts": {"lines":{"total":47,"covered":46,"skipped":0,"pct":97.87},"functions":{"total":17,"covered":14,"skipped":0,"pct":82.35},"statements":{"total":52,"covered":48,"skipped":0,"pct":92.3},"branches":{"total":18,"covered":16,"skipped":0,"pct":88.88}}
,"/Users/ashwin/workspace/fyle/fyle-qbo-app-2/src/app/core/models/configuration/advanced-setting.model.ts": {"lines":{"total":3,"covered":3,"skipped":0,"pct":100},"functions":{"total":1,"covered":1,"skipped":0,"pct":100},"statements":{"total":3,"covered":3,"skipped":0,"pct":100},"branches":{"total":86,"covered":58,"skipped":0,"pct":67.44}}
,"/Users/ashwin/workspace/fyle/fyle-qbo-app-2/src/app/core/models/configuration/employee-setting.model.ts": {"lines":{"total":2,"covered":2,"skipped":0,"pct":100},"functions":{"total":1,"covered":1,"skipped":0,"pct":100},"statements":{"total":2,"covered":2,"skipped":0,"pct":100},"branches":{"total":8,"covered":6,"skipped":0,"pct":75}}
,"/Users/ashwin/workspace/fyle/fyle-qbo-app-2/src/app/core/models/configuration/export-setting.model.ts": {"lines":{"total":3,"covered":3,"skipped":0,"pct":100},"functions":{"total":1,"covered":1,"skipped":0,"pct":100},"statements":{"total":3,"covered":3,"skipped":0,"pct":100},"branches":{"total":100,"covered":64,"skipped":0,"pct":64}}
,"/Users/ashwin/workspace/fyle/fyle-qbo-app-2/src/app/core/models/configuration/import-setting.model.ts": {"lines":{"total":12,"covered":10,"skipped":0,"pct":83.33},"functions":{"total":8,"covered":6,"skipped":0,"pct":75},"statements":{"total":15,"covered":12,"skipped":0,"pct":80},"branches":{"total":42,"covered":25,"skipped":0,"pct":59.52}}
,"/Users/ashwin/workspace/fyle/fyle-qbo-app-2/src/app/core/models/db/employee-mapping.model.ts": {"lines":{"total":1,"covered":1,"skipped":0,"pct":100},"functions":{"total":1,"covered":1,"skipped":0,"pct":100},"statements":{"total":1,"covered":1,"skipped":0,"pct":100},"branches":{"total":16,"covered":7,"skipped":0,"pct":43.75}}
,"/Users/ashwin/workspace/fyle/fyle-qbo-app-2/src/app/core/models/db/mapping.model.ts": {"lines":{"total":1,"covered":0,"skipped":0,"pct":0},"functions":{"total":1,"covered":0,"skipped":0,"pct":0},"statements":{"total":1,"covered":0,"skipped":0,"pct":0},"branches":{"total":0,"covered":0,"skipped":0,"pct":100}}
,"/Users/ashwin/workspace/fyle/fyle-qbo-app-2/src/app/core/models/enum/enum.model.ts": {"lines":{"total":238,"covered":238,"skipped":0,"pct":100},"functions":{"total":66,"covered":66,"skipped":0,"pct":100},"statements":{"total":238,"covered":238,"skipped":0,"pct":100},"branches":{"total":66,"covered":66,"skipped":0,"pct":100}}
,"/Users/ashwin/workspace/fyle/fyle-qbo-app-2/src/app/core/services/configuration/advanced-setting.service.ts": {"lines":{"total":11,"covered":11,"skipped":0,"pct":100},"functions":{"total":5,"covered":5,"skipped":0,"pct":100},"statements":{"total":11,"covered":11,"skipped":0,"pct":100},"branches":{"total":2,"covered":2,"skipped":0,"pct":100}}
,"/Users/ashwin/workspace/fyle/fyle-qbo-app-2/src/app/core/services/configuration/employee-setting.service.ts": {"lines":{"total":10,"covered":10,"skipped":0,"pct":100},"functions":{"total":4,"covered":4,"skipped":0,"pct":100},"statements":{"total":10,"covered":10,"skipped":0,"pct":100},"branches":{"total":2,"covered":2,"skipped":0,"pct":100}}
,"/Users/ashwin/workspace/fyle/fyle-qbo-app-2/src/app/core/services/configuration/export-setting.service.ts": {"lines":{"total":9,"covered":9,"skipped":0,"pct":100},"functions":{"total":5,"covered":5,"skipped":0,"pct":100},"statements":{"total":9,"covered":9,"skipped":0,"pct":100},"branches":{"total":2,"covered":2,"skipped":0,"pct":100}}
,"/Users/ashwin/workspace/fyle/fyle-qbo-app-2/src/app/core/services/configuration/import-setting.service.ts": {"lines":{"total":9,"covered":9,"skipped":0,"pct":100},"functions":{"total":5,"covered":5,"skipped":0,"pct":100},"statements":{"total":9,"covered":9,"skipped":0,"pct":100},"branches":{"total":2,"covered":2,"skipped":0,"pct":100}}
,"/Users/ashwin/workspace/fyle/fyle-qbo-app-2/src/app/core/services/configuration/qbo-connector.service.ts": {"lines":{"total":19,"covered":14,"skipped":0,"pct":73.68},"functions":{"total":6,"covered":4,"skipped":0,"pct":66.66},"statements":{"total":19,"covered":14,"skipped":0,"pct":73.68},"branches":{"total":2,"covered":2,"skipped":0,"pct":100}}
,"/Users/ashwin/workspace/fyle/fyle-qbo-app-2/src/app/core/services/core/api.service.ts": {"lines":{"total":25,"covered":18,"skipped":0,"pct":72},"functions":{"total":15,"covered":9,"skipped":0,"pct":60},"statements":{"total":25,"covered":18,"skipped":0,"pct":72},"branches":{"total":4,"covered":3,"skipped":0,"pct":75}}
,"/Users/ashwin/workspace/fyle/fyle-qbo-app-2/src/app/core/services/core/auth.service.ts": {"lines":{"total":36,"covered":23,"skipped":0,"pct":63.88},"functions":{"total":16,"covered":8,"skipped":0,"pct":50},"statements":{"total":37,"covered":23,"skipped":0,"pct":62.16},"branches":{"total":12,"covered":5,"skipped":0,"pct":41.66}}
,"/Users/ashwin/workspace/fyle/fyle-qbo-app-2/src/app/core/services/core/helper.service.ts": {"lines":{"total":15,"covered":13,"skipped":0,"pct":86.66},"functions":{"total":7,"covered":5,"skipped":0,"pct":71.42},"statements":{"total":15,"covered":13,"skipped":0,"pct":86.66},"branches":{"total":10,"covered":10,"skipped":0,"pct":100}}
,"/Users/ashwin/workspace/fyle/fyle-qbo-app-2/src/app/core/services/core/paginator.service.ts": {"lines":{"total":9,"covered":9,"skipped":0,"pct":100},"functions":{"total":5,"covered":5,"skipped":0,"pct":100},"statements":{"total":9,"covered":9,"skipped":0,"pct":100},"branches":{"total":4,"covered":4,"skipped":0,"pct":100}}
,"/Users/ashwin/workspace/fyle/fyle-qbo-app-2/src/app/core/services/core/storage.service.ts": {"lines":{"total":10,"covered":8,"skipped":0,"pct":80},"functions":{"total":7,"covered":5,"skipped":0,"pct":71.42},"statements":{"total":10,"covered":8,"skipped":0,"pct":80},"branches":{"total":4,"covered":4,"skipped":0,"pct":100}}
,"/Users/ashwin/workspace/fyle/fyle-qbo-app-2/src/app/core/services/core/window.service.ts": {"lines":{"total":6,"covered":6,"skipped":0,"pct":100},"functions":{"total":4,"covered":4,"skipped":0,"pct":100},"statements":{"total":6,"covered":6,"skipped":0,"pct":100},"branches":{"total":2,"covered":2,"skipped":0,"pct":100}}
,"/Users/ashwin/workspace/fyle/fyle-qbo-app-2/src/app/core/services/dashboard/dashboard.service.ts": {"lines":{"total":34,"covered":31,"skipped":0,"pct":91.17},"functions":{"total":11,"covered":11,"skipped":0,"pct":100},"statements":{"total":34,"covered":31,"skipped":0,"pct":91.17},"branches":{"total":14,"covered":10,"skipped":0,"pct":71.42}}
,"/Users/ashwin/workspace/fyle/fyle-qbo-app-2/src/app/core/services/export-log/export-log.service.ts": {"lines":{"total":62,"covered":33,"skipped":0,"pct":53.22},"functions":{"total":7,"covered":7,"skipped":0,"pct":100},"statements":{"total":62,"covered":33,"skipped":0,"pct":53.22},"branches":{"total":46,"covered":12,"skipped":0,"pct":26.08}}
,"/Users/ashwin/workspace/fyle/fyle-qbo-app-2/src/app/core/services/integration/refiner.service.ts": {"lines":{"total":15,"covered":13,"skipped":0,"pct":86.66},"functions":{"total":5,"covered":5,"skipped":0,"pct":100},"statements":{"total":15,"covered":13,"skipped":0,"pct":86.66},"branches":{"total":6,"covered":3,"skipped":0,"pct":50}}
,"/Users/ashwin/workspace/fyle/fyle-qbo-app-2/src/app/core/services/integration/tracking.service.ts": {"lines":{"total":45,"covered":28,"skipped":0,"pct":62.22},"functions":{"total":21,"covered":12,"skipped":0,"pct":57.14},"statements":{"total":45,"covered":28,"skipped":0,"pct":62.22},"branches":{"total":19,"covered":12,"skipped":0,"pct":63.15}}
,"/Users/ashwin/workspace/fyle/fyle-qbo-app-2/src/app/core/services/misc/mapping.service.ts": {"lines":{"total":37,"covered":28,"skipped":0,"pct":75.67},"functions":{"total":22,"covered":14,"skipped":0,"pct":63.63},"statements":{"total":37,"covered":28,"skipped":0,"pct":75.67},"branches":{"total":15,"covered":5,"skipped":0,"pct":33.33}}
,"/Users/ashwin/workspace/fyle/fyle-qbo-app-2/src/app/core/services/misc/user.service.ts": {"lines":{"total":14,"covered":9,"skipped":0,"pct":64.28},"functions":{"total":7,"covered":5,"skipped":0,"pct":71.42},"statements":{"total":14,"covered":9,"skipped":0,"pct":64.28},"branches":{"total":6,"covered":2,"skipped":0,"pct":33.33}}
,"/Users/ashwin/workspace/fyle/fyle-qbo-app-2/src/app/core/services/workspace/workspace.service.ts": {"lines":{"total":22,"covered":19,"skipped":0,"pct":86.36},"functions":{"total":15,"covered":12,"skipped":0,"pct":80},"statements":{"total":22,"covered":19,"skipped":0,"pct":86.36},"branches":{"total":2,"covered":2,"skipped":0,"pct":100}}
,"/Users/ashwin/workspace/fyle/fyle-qbo-app-2/src/app/integration/integration-routing.module.ts": {"lines":{"total":9,"covered":9,"skipped":0,"pct":100},"functions":{"total":6,"covered":6,"skipped":0,"pct":100},"statements":{"total":11,"covered":11,"skipped":0,"pct":100},"branches":{"total":2,"covered":2,"skipped":0,"pct":100}}
,"/Users/ashwin/workspace/fyle/fyle-qbo-app-2/src/app/integration/integration.component.ts": {"lines":{"total":47,"covered":44,"skipped":0,"pct":93.61},"functions":{"total":12,"covered":11,"skipped":0,"pct":91.66},"statements":{"total":47,"covered":44,"skipped":0,"pct":93.61},"branches":{"total":12,"covered":10,"skipped":0,"pct":83.33}}
,"/Users/ashwin/workspace/fyle/fyle-qbo-app-2/src/app/integration/integration.module.ts": {"lines":{"total":6,"covered":6,"skipped":0,"pct":100},"functions":{"total":2,"covered":2,"skipped":0,"pct":100},"statements":{"total":6,"covered":6,"skipped":0,"pct":100},"branches":{"total":2,"covered":2,"skipped":0,"pct":100}}
,"/Users/ashwin/workspace/fyle/fyle-qbo-app-2/src/app/integration/main/main-routing.module.ts": {"lines":{"total":11,"covered":11,"skipped":0,"pct":100},"functions":{"total":10,"covered":10,"skipped":0,"pct":100},"statements":{"total":15,"covered":15,"skipped":0,"pct":100},"branches":{"total":2,"covered":2,"skipped":0,"pct":100}}
,"/Users/ashwin/workspace/fyle/fyle-qbo-app-2/src/app/integration/main/main.component.ts": {"lines":{"total":219,"covered":205,"skipped":0,"pct":93.6},"functions":{"total":39,"covered":37,"skipped":0,"pct":94.87},"statements":{"total":221,"covered":207,"skipped":0,"pct":93.66},"branches":{"total":139,"covered":120,"skipped":0,"pct":86.33}}
,"/Users/ashwin/workspace/fyle/fyle-qbo-app-2/src/app/integration/main/main.module.ts": {"lines":{"total":6,"covered":6,"skipped":0,"pct":100},"functions":{"total":2,"covered":2,"skipped":0,"pct":100},"statements":{"total":6,"covered":6,"skipped":0,"pct":100},"branches":{"total":2,"covered":2,"skipped":0,"pct":100}}
,"/Users/ashwin/workspace/fyle/fyle-qbo-app-2/src/app/integration/main/configuration/configuration-routing.module.ts": {"lines":{"total":7,"covered":7,"skipped":0,"pct":100},"functions":{"total":2,"covered":2,"skipped":0,"pct":100},"statements":{"total":7,"covered":7,"skipped":0,"pct":100},"branches":{"total":2,"covered":2,"skipped":0,"pct":100}}
,"/Users/ashwin/workspace/fyle/fyle-qbo-app-2/src/app/integration/main/configuration/configuration.component.ts": {"lines":{"total":12,"covered":12,"skipped":0,"pct":100},"functions":{"total":5,"covered":5,"skipped":0,"pct":100},"statements":{"total":12,"covered":12,"skipped":0,"pct":100},"branches":{"total":4,"covered":4,"skipped":0,"pct":100}}
,"/Users/ashwin/workspace/fyle/fyle-qbo-app-2/src/app/integration/main/configuration/configuration.module.ts": {"lines":{"total":6,"covered":6,"skipped":0,"pct":100},"functions":{"total":2,"covered":2,"skipped":0,"pct":100},"statements":{"total":6,"covered":6,"skipped":0,"pct":100},"branches":{"total":2,"covered":2,"skipped":0,"pct":100}}
,"/Users/ashwin/workspace/fyle/fyle-qbo-app-2/src/app/integration/main/configuration/configuration-advanced-settings/configuration-advanced-settings.component.ts": {"lines":{"total":9,"covered":9,"skipped":0,"pct":100},"functions":{"total":5,"covered":5,"skipped":0,"pct":100},"statements":{"total":9,"covered":9,"skipped":0,"pct":100},"branches":{"total":4,"covered":4,"skipped":0,"pct":100}}
,"/Users/ashwin/workspace/fyle/fyle-qbo-app-2/src/app/integration/main/configuration/configuration-employee-settings/configuration-employee-settings.component.ts": {"lines":{"total":9,"covered":9,"skipped":0,"pct":100},"functions":{"total":5,"covered":5,"skipped":0,"pct":100},"statements":{"total":9,"covered":9,"skipped":0,"pct":100},"branches":{"total":4,"covered":4,"skipped":0,"pct":100}}
,"/Users/ashwin/workspace/fyle/fyle-qbo-app-2/src/app/integration/main/configuration/configuration-export-settings/configuration-export-settings.component.ts": {"lines":{"total":9,"covered":9,"skipped":0,"pct":100},"functions":{"total":5,"covered":5,"skipped":0,"pct":100},"statements":{"total":9,"covered":9,"skipped":0,"pct":100},"branches":{"total":4,"covered":4,"skipped":0,"pct":100}}
,"/Users/ashwin/workspace/fyle/fyle-qbo-app-2/src/app/integration/main/configuration/configuration-import-settings/configuration-import-settings.component.ts": {"lines":{"total":9,"covered":9,"skipped":0,"pct":100},"functions":{"total":5,"covered":5,"skipped":0,"pct":100},"statements":{"total":9,"covered":9,"skipped":0,"pct":100},"branches":{"total":4,"covered":4,"skipped":0,"pct":100}}
,"/Users/ashwin/workspace/fyle/fyle-qbo-app-2/src/app/integration/main/dashboard/dashboard-routing.module.ts": {"lines":{"total":7,"covered":7,"skipped":0,"pct":100},"functions":{"total":2,"covered":2,"skipped":0,"pct":100},"statements":{"total":7,"covered":7,"skipped":0,"pct":100},"branches":{"total":2,"covered":2,"skipped":0,"pct":100}}
,"/Users/ashwin/workspace/fyle/fyle-qbo-app-2/src/app/integration/main/dashboard/dashboard.component.ts": {"lines":{"total":614,"covered":514,"skipped":0,"pct":83.71},"functions":{"total":87,"covered":75,"skipped":0,"pct":86.2},"statements":{"total":626,"covered":524,"skipped":0,"pct":83.7},"branches":{"total":392,"covered":279,"skipped":0,"pct":71.17}}
,"/Users/ashwin/workspace/fyle/fyle-qbo-app-2/src/app/integration/main/dashboard/dashboard.module.ts": {"lines":{"total":6,"covered":6,"skipped":0,"pct":100},"functions":{"total":2,"covered":2,"skipped":0,"pct":100},"statements":{"total":6,"covered":6,"skipped":0,"pct":100},"branches":{"total":2,"covered":2,"skipped":0,"pct":100}}
,"/Users/ashwin/workspace/fyle/fyle-qbo-app-2/src/app/integration/main/export-log/export-log-routing.module.ts": {"lines":{"total":7,"covered":7,"skipped":0,"pct":100},"functions":{"total":2,"covered":2,"skipped":0,"pct":100},"statements":{"total":7,"covered":7,"skipped":0,"pct":100},"branches":{"total":2,"covered":2,"skipped":0,"pct":100}}
,"/Users/ashwin/workspace/fyle/fyle-qbo-app-2/src/app/integration/main/export-log/export-log.component.ts": {"lines":{"total":240,"covered":108,"skipped":0,"pct":45},"functions":{"total":32,"covered":15,"skipped":0,"pct":46.87},"statements":{"total":240,"covered":108,"skipped":0,"pct":45},"branches":{"total":73,"covered":33,"skipped":0,"pct":45.2}}
,"/Users/ashwin/workspace/fyle/fyle-qbo-app-2/src/app/integration/main/export-log/export-log.module.ts": {"lines":{"total":6,"covered":6,"skipped":0,"pct":100},"functions":{"total":2,"covered":2,"skipped":0,"pct":100},"statements":{"total":6,"covered":6,"skipped":0,"pct":100},"branches":{"total":2,"covered":2,"skipped":0,"pct":100}}
,"/Users/ashwin/workspace/fyle/fyle-qbo-app-2/src/app/integration/main/export-log/export-log-child-dialog/export-log-child-dialog.component.ts": {"lines":{"total":62,"covered":4,"skipped":0,"pct":6.45},"functions":{"total":13,"covered":1,"skipped":0,"pct":7.69},"statements":{"total":62,"covered":4,"skipped":0,"pct":6.45},"branches":{"total":14,"covered":0,"skipped":0,"pct":0}}
,"/Users/ashwin/workspace/fyle/fyle-qbo-app-2/src/app/integration/main/mapping/mapping-routing.module.ts": {"lines":{"total":7,"covered":7,"skipped":0,"pct":100},"functions":{"total":2,"covered":2,"skipped":0,"pct":100},"statements":{"total":7,"covered":7,"skipped":0,"pct":100},"branches":{"total":2,"covered":2,"skipped":0,"pct":100}}
,"/Users/ashwin/workspace/fyle/fyle-qbo-app-2/src/app/integration/main/mapping/mapping.component.ts": {"lines":{"total":12,"covered":12,"skipped":0,"pct":100},"functions":{"total":5,"covered":5,"skipped":0,"pct":100},"statements":{"total":12,"covered":12,"skipped":0,"pct":100},"branches":{"total":4,"covered":4,"skipped":0,"pct":100}}
,"/Users/ashwin/workspace/fyle/fyle-qbo-app-2/src/app/integration/main/mapping/mapping.module.ts": {"lines":{"total":6,"covered":6,"skipped":0,"pct":100},"functions":{"total":2,"covered":2,"skipped":0,"pct":100},"statements":{"total":6,"covered":6,"skipped":0,"pct":100},"branches":{"total":2,"covered":2,"skipped":0,"pct":100}}
,"/Users/ashwin/workspace/fyle/fyle-qbo-app-2/src/app/integration/main/mapping/custom-mapping/custom-mapping.component.ts": {"lines":{"total":370,"covered":66,"skipped":0,"pct":17.83},"functions":{"total":60,"covered":8,"skipped":0,"pct":13.33},"statements":{"total":374,"covered":66,"skipped":0,"pct":17.64},"branches":{"total":121,"covered":18,"skipped":0,"pct":14.87}}
,"/Users/ashwin/workspace/fyle/fyle-qbo-app-2/src/app/integration/main/mapping/employee-mapping/employee-mapping.component.ts": {"lines":{"total":164,"covered":72,"skipped":0,"pct":43.9},"functions":{"total":31,"covered":12,"skipped":0,"pct":38.7},"statements":{"total":164,"covered":72,"skipped":0,"pct":43.9},"branches":{"total":80,"covered":13,"skipped":0,"pct":16.25}}
,"/Users/ashwin/workspace/fyle/fyle-qbo-app-2/src/app/integration/onboarding/onboarding-routing.module.ts": {"lines":{"total":7,"covered":7,"skipped":0,"pct":100},"functions":{"total":2,"covered":2,"skipped":0,"pct":100},"statements":{"total":7,"covered":7,"skipped":0,"pct":100},"branches":{"total":2,"covered":2,"skipped":0,"pct":100}}
,"/Users/ashwin/workspace/fyle/fyle-qbo-app-2/src/app/integration/onboarding/onboarding.component.ts": {"lines":{"total":16,"covered":15,"skipped":0,"pct":93.75},"functions":{"total":6,"covered":6,"skipped":0,"pct":100},"statements":{"total":16,"covered":15,"skipped":0,"pct":93.75},"branches":{"total":6,"covered":5,"skipped":0,"pct":83.33}}
,"/Users/ashwin/workspace/fyle/fyle-qbo-app-2/src/app/integration/onboarding/onboarding.module.ts": {"lines":{"total":6,"covered":6,"skipped":0,"pct":100},"functions":{"total":2,"covered":2,"skipped":0,"pct":100},"statements":{"total":6,"covered":6,"skipped":0,"pct":100},"branches":{"total":2,"covered":2,"skipped":0,"pct":100}}
,"/Users/ashwin/workspace/fyle/fyle-qbo-app-2/src/app/integration/onboarding/onboarding-advanced-settings/onboarding-advanced-settings.component.ts": {"lines":{"total":9,"covered":9,"skipped":0,"pct":100},"functions":{"total":5,"covered":5,"skipped":0,"pct":100},"statements":{"total":9,"covered":9,"skipped":0,"pct":100},"branches":{"total":6,"covered":6,"skipped":0,"pct":100}}
,"/Users/ashwin/workspace/fyle/fyle-qbo-app-2/src/app/integration/onboarding/onboarding-done/onboarding-done.component.ts": {"lines":{"total":43,"covered":43,"skipped":0,"pct":100},"functions":{"total":8,"covered":8,"skipped":0,"pct":100},"statements":{"total":43,"covered":43,"skipped":0,"pct":100},"branches":{"total":4,"covered":4,"skipped":0,"pct":100}}
,"/Users/ashwin/workspace/fyle/fyle-qbo-app-2/src/app/integration/onboarding/onboarding-employee-settings/onboarding-employee-settings.component.ts": {"lines":{"total":9,"covered":9,"skipped":0,"pct":100},"functions":{"total":5,"covered":5,"skipped":0,"pct":100},"statements":{"total":9,"covered":9,"skipped":0,"pct":100},"branches":{"total":6,"covered":6,"skipped":0,"pct":100}}
,"/Users/ashwin/workspace/fyle/fyle-qbo-app-2/src/app/integration/onboarding/onboarding-export-settings/onboarding-export-settings.component.ts": {"lines":{"total":9,"covered":9,"skipped":0,"pct":100},"functions":{"total":5,"covered":5,"skipped":0,"pct":100},"statements":{"total":9,"covered":9,"skipped":0,"pct":100},"branches":{"total":6,"covered":6,"skipped":0,"pct":100}}
,"/Users/ashwin/workspace/fyle/fyle-qbo-app-2/src/app/integration/onboarding/onboarding-import-settings/onboarding-import-settings.component.ts": {"lines":{"total":9,"covered":9,"skipped":0,"pct":100},"functions":{"total":5,"covered":5,"skipped":0,"pct":100},"statements":{"total":9,"covered":9,"skipped":0,"pct":100},"branches":{"total":6,"covered":6,"skipped":0,"pct":100}}
,"/Users/ashwin/workspace/fyle/fyle-qbo-app-2/src/app/integration/onboarding/onboarding-landing/onboarding-landing.component.ts": {"lines":{"total":55,"covered":4,"skipped":0,"pct":7.27},"functions":{"total":9,"covered":1,"skipped":0,"pct":11.11},"statements":{"total":55,"covered":4,"skipped":0,"pct":7.27},"branches":{"total":8,"covered":0,"skipped":0,"pct":0}}
,"/Users/ashwin/workspace/fyle/fyle-qbo-app-2/src/app/integration/onboarding/onboarding-qbo-connector/onboarding-qbo-connector.component.ts": {"lines":{"total":9,"covered":4,"skipped":0,"pct":44.44},"functions":{"total":5,"covered":1,"skipped":0,"pct":20},"statements":{"total":9,"covered":4,"skipped":0,"pct":44.44},"branches":{"total":6,"covered":0,"skipped":0,"pct":0}}
,"/Users/ashwin/workspace/fyle/fyle-qbo-app-2/src/app/shared/shared.module.ts": {"lines":{"total":6,"covered":6,"skipped":0,"pct":100},"functions":{"total":2,"covered":2,"skipped":0,"pct":100},"statements":{"total":6,"covered":6,"skipped":0,"pct":100},"branches":{"total":2,"covered":2,"skipped":0,"pct":100}}
,"/Users/ashwin/workspace/fyle/fyle-qbo-app-2/src/app/shared/components/configuration/advanced-settings/advanced-settings.component.ts": {"lines":{"total":265,"covered":203,"skipped":0,"pct":76.6},"functions":{"total":47,"covered":33,"skipped":0,"pct":70.21},"statements":{"total":266,"covered":203,"skipped":0,"pct":76.31},"branches":{"total":131,"covered":99,"skipped":0,"pct":75.57}}
,"/Users/ashwin/workspace/fyle/fyle-qbo-app-2/src/app/shared/components/configuration/advanced-settings/add-email-dialog/add-email-dialog.component.ts": {"lines":{"total":70,"covered":5,"skipped":0,"pct":7.14},"functions":{"total":11,"covered":1,"skipped":0,"pct":9.09},"statements":{"total":70,"covered":5,"skipped":0,"pct":7.14},"branches":{"total":20,"covered":0,"skipped":0,"pct":0}}
,"/Users/ashwin/workspace/fyle/fyle-qbo-app-2/src/app/shared/components/configuration/configuration-select-field/configuration-select-field.component.ts": {"lines":{"total":258,"covered":226,"skipped":0,"pct":87.59},"functions":{"total":36,"covered":28,"skipped":0,"pct":77.77},"statements":{"total":258,"covered":226,"skipped":0,"pct":87.59},"branches":{"total":92,"covered":77,"skipped":0,"pct":83.69}}
,"/Users/ashwin/workspace/fyle/fyle-qbo-app-2/src/app/shared/components/configuration/configuration-step-footer-section/configuration-step-footer-section.component.ts": {"lines":{"total":57,"covered":53,"skipped":0,"pct":92.98},"functions":{"total":13,"covered":11,"skipped":0,"pct":84.61},"statements":{"total":57,"covered":53,"skipped":0,"pct":92.98},"branches":{"total":20,"covered":20,"skipped":0,"pct":100}}
,"/Users/ashwin/workspace/fyle/fyle-qbo-app-2/src/app/shared/components/configuration/configuration-step-header-section/configuration-step-header-section.component.ts": {"lines":{"total":96,"covered":84,"skipped":0,"pct":87.5},"functions":{"total":13,"covered":10,"skipped":0,"pct":76.92},"statements":{"total":96,"covered":84,"skipped":0,"pct":87.5},"branches":{"total":27,"covered":25,"skipped":0,"pct":92.59}}
,"/Users/ashwin/workspace/fyle/fyle-qbo-app-2/src/app/shared/components/configuration/configuration-toggle-field/configuration-toggle-field.component.ts": {"lines":{"total":51,"covered":51,"skipped":0,"pct":100},"functions":{"total":7,"covered":7,"skipped":0,"pct":100},"statements":{"total":51,"covered":51,"skipped":0,"pct":100},"branches":{"total":16,"covered":16,"skipped":0,"pct":100}}
,"/Users/ashwin/workspace/fyle/fyle-qbo-app-2/src/app/shared/components/configuration/email-multi-select-field/email-multi-select-field.component.ts": {"lines":{"total":157,"covered":6,"skipped":0,"pct":3.82},"functions":{"total":23,"covered":1,"skipped":0,"pct":4.34},"statements":{"total":158,"covered":6,"skipped":0,"pct":3.79},"branches":{"total":53,"covered":0,"skipped":0,"pct":0}}
,"/Users/ashwin/workspace/fyle/fyle-qbo-app-2/src/app/shared/components/configuration/employee-settings/employee-settings.component.ts": {"lines":{"total":122,"covered":115,"skipped":0,"pct":94.26},"functions":{"total":30,"covered":27,"skipped":0,"pct":90},"statements":{"total":124,"covered":117,"skipped":0,"pct":94.35},"branches":{"total":76,"covered":69,"skipped":0,"pct":90.78}}
,"/Users/ashwin/workspace/fyle/fyle-qbo-app-2/src/app/shared/components/configuration/export-settings/export-settings.component.ts": {"lines":{"total":420,"covered":359,"skipped":0,"pct":85.47},"functions":{"total":78,"covered":67,"skipped":0,"pct":85.89},"statements":{"total":422,"covered":359,"skipped":0,"pct":85.07},"branches":{"total":407,"covered":308,"skipped":0,"pct":75.67}}
,"/Users/ashwin/workspace/fyle/fyle-qbo-app-2/src/app/shared/components/configuration/import-settings/import-settings.component.ts": {"lines":{"total":379,"covered":257,"skipped":0,"pct":67.81},"functions":{"total":71,"covered":44,"skipped":0,"pct":61.97},"statements":{"total":391,"covered":264,"skipped":0,"pct":67.51},"branches":{"total":166,"covered":118,"skipped":0,"pct":71.08}}
,"/Users/ashwin/workspace/fyle/fyle-qbo-app-2/src/app/shared/components/configuration/import-settings/expense-field-creation-dialog/expense-field-creation-dialog.component.ts": {"lines":{"total":79,"covered":6,"skipped":0,"pct":7.59},"functions":{"total":10,"covered":1,"skipped":0,"pct":10},"statements":{"total":79,"covered":6,"skipped":0,"pct":7.59},"branches":{"total":28,"covered":0,"skipped":0,"pct":0}}
,"/Users/ashwin/workspace/fyle/fyle-qbo-app-2/src/app/shared/components/configuration/preview-dialog/preview-dialog.component.ts": {"lines":{"total":62,"covered":4,"skipped":0,"pct":6.45},"functions":{"total":14,"covered":1,"skipped":0,"pct":7.14},"statements":{"total":62,"covered":4,"skipped":0,"pct":6.45},"branches":{"total":24,"covered":0,"skipped":0,"pct":0}}
,"/Users/ashwin/workspace/fyle/fyle-qbo-app-2/src/app/shared/components/configuration/qbo-connector/qbo-connector.component.ts": {"lines":{"total":250,"covered":5,"skipped":0,"pct":2},"functions":{"total":43,"covered":1,"skipped":0,"pct":2.32},"statements":{"total":250,"covered":5,"skipped":0,"pct":2},"branches":{"total":93,"covered":0,"skipped":0,"pct":0}}
,"/Users/ashwin/workspace/fyle/fyle-qbo-app-2/src/app/shared/components/core/confirmation-dialog/confirmation-dialog.component.ts": {"lines":{"total":41,"covered":40,"skipped":0,"pct":97.56},"functions":{"total":8,"covered":7,"skipped":0,"pct":87.5},"statements":{"total":41,"covered":40,"skipped":0,"pct":97.56},"branches":{"total":10,"covered":9,"skipped":0,"pct":90}}
,"/Users/ashwin/workspace/fyle/fyle-qbo-app-2/src/app/shared/components/core/header/header.component.ts": {"lines":{"total":290,"covered":141,"skipped":0,"pct":48.62},"functions":{"total":35,"covered":12,"skipped":0,"pct":34.28},"statements":{"total":290,"covered":141,"skipped":0,"pct":48.62},"branches":{"total":99,"covered":63,"skipped":0,"pct":63.63}}
,"/Users/ashwin/workspace/fyle/fyle-qbo-app-2/src/app/shared/components/core/loader/loader.component.ts": {"lines":{"total":22,"covered":20,"skipped":0,"pct":90.9},"functions":{"total":8,"covered":7,"skipped":0,"pct":87.5},"statements":{"total":22,"covered":20,"skipped":0,"pct":90.9},"branches":{"total":10,"covered":8,"skipped":0,"pct":80}}
,"/Users/ashwin/workspace/fyle/fyle-qbo-app-2/src/app/shared/components/core/onboarding-footer/onboarding-footer.component.ts": {"lines":{"total":19,"covered":19,"skipped":0,"pct":100},"functions":{"total":6,"covered":6,"skipped":0,"pct":100},"statements":{"total":19,"covered":19,"skipped":0,"pct":100},"branches":{"total":6,"covered":6,"skipped":0,"pct":100}}
,"/Users/ashwin/workspace/fyle/fyle-qbo-app-2/src/app/shared/components/core/zero-state-with-illustration/zero-state-with-illustration.component.ts": {"lines":{"total":145,"covered":117,"skipped":0,"pct":80.68},"functions":{"total":23,"covered":17,"skipped":0,"pct":73.91},"statements":{"total":145,"covered":117,"skipped":0,"pct":80.68},"branches":{"total":79,"covered":55,"skipped":0,"pct":69.62}}
,"/Users/ashwin/workspace/fyle/fyle-qbo-app-2/src/app/shared/components/dashboard/dashboard-export-log-dialog/dashboard-export-log-dialog.component.ts": {"lines":{"total":99,"covered":97,"skipped":0,"pct":97.97},"functions":{"total":15,"covered":15,"skipped":0,"pct":100},"statements":{"total":99,"covered":97,"skipped":0,"pct":97.97},"branches":{"total":36,"covered":33,"skipped":0,"pct":91.66}}
,"/Users/ashwin/workspace/fyle/fyle-qbo-app-2/src/app/shared/components/dashboard/dashboard-header-section/dashboard-header-section.component.ts": {"lines":{"total":27,"covered":27,"skipped":0,"pct":100},"functions":{"total":7,"covered":7,"skipped":0,"pct":100},"statements":{"total":27,"covered":27,"skipped":0,"pct":100},"branches":{"total":6,"covered":6,"skipped":0,"pct":100}}
,"/Users/ashwin/workspace/fyle/fyle-qbo-app-2/src/app/shared/components/dashboard/dashboard-qbo-error-dialog/dashboard-qbo-error-dialog.component.ts": {"lines":{"total":43,"covered":43,"skipped":0,"pct":100},"functions":{"total":8,"covered":8,"skipped":0,"pct":100},"statements":{"total":43,"covered":43,"skipped":0,"pct":100},"branches":{"total":8,"covered":7,"skipped":0,"pct":87.5}}
,"/Users/ashwin/workspace/fyle/fyle-qbo-app-2/src/app/shared/components/dashboard/dashboard-resolve-mapping-error-dialog/dashboard-resolve-mapping-error-dialog.component.ts": {"lines":{"total":227,"covered":209,"skipped":0,"pct":92.07},"functions":{"total":38,"covered":33,"skipped":0,"pct":86.84},"statements":{"total":229,"covered":210,"skipped":0,"pct":91.7},"branches":{"total":66,"covered":56,"skipped":0,"pct":84.84}}
,"/Users/ashwin/workspace/fyle/fyle-qbo-app-2/src/app/shared/components/export-log/export-log-child-table/export-log-child-table.component.ts": {"lines":{"total":150,"covered":95,"skipped":0,"pct":63.33},"functions":{"total":25,"covered":15,"skipped":0,"pct":60},"statements":{"total":150,"covered":95,"skipped":0,"pct":63.33},"branches":{"total":58,"covered":32,"skipped":0,"pct":55.17}}
,"/Users/ashwin/workspace/fyle/fyle-qbo-app-2/src/app/shared/components/export-log/export-log-table/export-log-table.component.ts": {"lines":{"total":198,"covered":140,"skipped":0,"pct":70.7},"functions":{"total":30,"covered":21,"skipped":0,"pct":70},"statements":{"total":198,"covered":140,"skipped":0,"pct":70.7},"branches":{"total":64,"covered":48,"skipped":0,"pct":75}}
,"/Users/ashwin/workspace/fyle/fyle-qbo-app-2/src/app/shared/components/helpers/mandatory-error-message/mandatory-error-message.component.ts": {"lines":{"total":36,"covered":4,"skipped":0,"pct":11.11},"functions":{"total":7,"covered":1,"skipped":0,"pct":14.28},"statements":{"total":36,"covered":4,"skipped":0,"pct":11.11},"branches":{"total":18,"covered":0,"skipped":0,"pct":0}}
,"/Users/ashwin/workspace/fyle/fyle-qbo-app-2/src/app/shared/components/helpers/mandatory-field/mandatory-field.component.ts": {"lines":{"total":9,"covered":9,"skipped":0,"pct":100},"functions":{"total":5,"covered":5,"skipped":0,"pct":100},"statements":{"total":9,"covered":9,"skipped":0,"pct":100},"branches":{"total":4,"covered":4,"skipped":0,"pct":100}}
,"/Users/ashwin/workspace/fyle/fyle-qbo-app-2/src/app/shared/components/helpers/onboarding-stepper/onboarding-stepper.component.ts": {"lines":{"total":92,"covered":82,"skipped":0,"pct":89.13},"functions":{"total":17,"covered":14,"skipped":0,"pct":82.35},"statements":{"total":92,"covered":82,"skipped":0,"pct":89.13},"branches":{"total":60,"covered":58,"skipped":0,"pct":96.66}}
,"/Users/ashwin/workspace/fyle/fyle-qbo-app-2/src/app/shared/components/helpers/paginator/paginator.component.ts": {"lines":{"total":110,"covered":5,"skipped":0,"pct":4.54},"functions":{"total":17,"covered":1,"skipped":0,"pct":5.88},"statements":{"total":110,"covered":5,"skipped":0,"pct":4.54},"branches":{"total":68,"covered":0,"skipped":0,"pct":0}}
,"/Users/ashwin/workspace/fyle/fyle-qbo-app-2/src/app/shared/components/helpers/simple-text-search/simple-text-search.component.ts": {"lines":{"total":74,"covered":59,"skipped":0,"pct":79.72},"functions":{"total":17,"covered":13,"skipped":0,"pct":76.47},"statements":{"total":74,"covered":59,"skipped":0,"pct":79.72},"branches":{"total":34,"covered":28,"skipped":0,"pct":82.35}}
,"/Users/ashwin/workspace/fyle/fyle-qbo-app-2/src/app/shared/components/mapping/generic-mapping/generic-mapping.component.ts": {"lines":{"total":167,"covered":71,"skipped":0,"pct":42.51},"functions":{"total":34,"covered":11,"skipped":0,"pct":32.35},"statements":{"total":169,"covered":71,"skipped":0,"pct":42.01},"branches":{"total":69,"covered":15,"skipped":0,"pct":21.73}}
,"/Users/ashwin/workspace/fyle/fyle-qbo-app-2/src/app/shared/components/mapping/mapping-filter/mapping-filter.component.ts": {"lines":{"total":59,"covered":43,"skipped":0,"pct":72.88},"functions":{"total":13,"covered":8,"skipped":0,"pct":61.53},"statements":{"total":59,"covered":43,"skipped":0,"pct":72.88},"branches":{"total":27,"covered":12,"skipped":0,"pct":44.44}}
,"/Users/ashwin/workspace/fyle/fyle-qbo-app-2/src/app/shared/components/mapping/mapping-header-section/mapping-header-section.component.ts": {"lines":{"total":122,"covered":97,"skipped":0,"pct":79.5},"functions":{"total":20,"covered":12,"skipped":0,"pct":60},"statements":{"total":123,"covered":97,"skipped":0,"pct":78.86},"branches":{"total":37,"covered":30,"skipped":0,"pct":81.08}}
,"/Users/ashwin/workspace/fyle/fyle-qbo-app-2/src/app/shared/components/mapping/mapping-table/mapping-table.component.ts": {"lines":{"total":171,"covered":62,"skipped":0,"pct":36.25},"functions":{"total":24,"covered":9,"skipped":0,"pct":37.5},"statements":{"total":171,"covered":62,"skipped":0,"pct":36.25},"branches":{"total":62,"covered":18,"skipped":0,"pct":29.03}}
,"/Users/ashwin/workspace/fyle/fyle-qbo-app-2/src/app/shared/pipes/search.pipe.ts": {"lines":{"total":11,"covered":7,"skipped":0,"pct":63.63},"functions":{"total":4,"covered":3,"skipped":0,"pct":75},"statements":{"total":11,"covered":7,"skipped":0,"pct":63.63},"branches":{"total":16,"covered":7,"skipped":0,"pct":43.75}}
,"/Users/ashwin/workspace/fyle/fyle-qbo-app-2/src/app/shared/pipes/snake-case-to-space-case.pipe.ts": {"lines":{"total":8,"covered":8,"skipped":0,"pct":100},"functions":{"total":3,"covered":3,"skipped":0,"pct":100},"statements":{"total":8,"covered":8,"skipped":0,"pct":100},"branches":{"total":6,"covered":6,"skipped":0,"pct":100}}
,"/Users/ashwin/workspace/fyle/fyle-qbo-app-2/src/app/shared/pipes/trim-character.pipe.ts": {"lines":{"total":8,"covered":7,"skipped":0,"pct":87.5},"functions":{"total":3,"covered":3,"skipped":0,"pct":100},"statements":{"total":8,"covered":7,"skipped":0,"pct":87.5},"branches":{"total":4,"covered":3,"skipped":0,"pct":75}}
}
