{"total": {"lines":{"total":2382,"covered":2350,"skipped":0,"pct":98.65},"statements":{"total":2516,"covered":2480,"skipped":0,"pct":98.56},"functions":{"total":702,"covered":688,"skipped":0,"pct":98},"branches":{"total":1406,"covered":1203,"skipped":0,"pct":85.56},"branchesTrue":{"total":0,"covered":0,"skipped":0,"pct":100}}
,"/Users/ashwin/workspace/fyle/fyle-qbo-app-2/src/app/app.component.ts": {"lines":{"total":1,"covered":1,"skipped":0,"pct":100},"functions":{"total":0,"covered":0,"skipped":0,"pct":100},"statements":{"total":2,"covered":2,"skipped":0,"pct":100},"branches":{"total":0,"covered":0,"skipped":0,"pct":100}}
,"/Users/ashwin/workspace/fyle/fyle-qbo-app-2/src/app/auth/auth.component.ts": {"lines":{"total":1,"covered":1,"skipped":0,"pct":100},"functions":{"total":2,"covered":2,"skipped":0,"pct":100},"statements":{"total":2,"covered":2,"skipped":0,"pct":100},"branches":{"total":0,"covered":0,"skipped":0,"pct":100}}
,"/Users/ashwin/workspace/fyle/fyle-qbo-app-2/src/app/auth/fyle-callback/fyle-callback.component.ts": {"lines":{"total":22,"covered":22,"skipped":0,"pct":100},"functions":{"total":8,"covered":8,"skipped":0,"pct":100},"statements":{"total":23,"covered":23,"skipped":0,"pct":100},"branches":{"total":3,"covered":3,"skipped":0,"pct":100}}
,"/Users/ashwin/workspace/fyle/fyle-qbo-app-2/src/app/auth/fyle-callback/fyle-callback.fixture.ts": {"lines":{"total":2,"covered":2,"skipped":0,"pct":100},"functions":{"total":0,"covered":0,"skipped":0,"pct":100},"statements":{"total":2,"covered":2,"skipped":0,"pct":100},"branches":{"total":0,"covered":0,"skipped":0,"pct":100}}
,"/Users/ashwin/workspace/fyle/fyle-qbo-app-2/src/app/auth/login/login.component.ts": {"lines":{"total":7,"covered":7,"skipped":0,"pct":100},"functions":{"total":4,"covered":4,"skipped":0,"pct":100},"statements":{"total":8,"covered":8,"skipped":0,"pct":100},"branches":{"total":1,"covered":1,"skipped":0,"pct":100}}
,"/Users/ashwin/workspace/fyle/fyle-qbo-app-2/src/app/auth/shared-login/shared-login.component.ts": {"lines":{"total":12,"covered":12,"skipped":0,"pct":100},"functions":{"total":5,"covered":5,"skipped":0,"pct":100},"statements":{"total":13,"covered":13,"skipped":0,"pct":100},"branches":{"total":0,"covered":0,"skipped":0,"pct":100}}
,"/Users/ashwin/workspace/fyle/fyle-qbo-app-2/src/app/core/guard/auth.guard.ts": {"lines":{"total":7,"covered":7,"skipped":0,"pct":100},"functions":{"total":2,"covered":2,"skipped":0,"pct":100},"statements":{"total":8,"covered":8,"skipped":0,"pct":100},"branches":{"total":1,"covered":1,"skipped":0,"pct":100}}
,"/Users/ashwin/workspace/fyle/fyle-qbo-app-2/src/app/core/guard/workspace.fixture.ts": {"lines":{"total":2,"covered":2,"skipped":0,"pct":100},"functions":{"total":0,"covered":0,"skipped":0,"pct":100},"statements":{"total":2,"covered":2,"skipped":0,"pct":100},"branches":{"total":0,"covered":0,"skipped":0,"pct":100}}
,"/Users/ashwin/workspace/fyle/fyle-qbo-app-2/src/app/core/guard/workspaces.guard.ts": {"lines":{"total":20,"covered":10,"skipped":0,"pct":50},"functions":{"total":4,"covered":2,"skipped":0,"pct":50},"statements":{"total":21,"covered":11,"skipped":0,"pct":52.38},"branches":{"total":3,"covered":1,"skipped":0,"pct":33.33}}
,"/Users/ashwin/workspace/fyle/fyle-qbo-app-2/src/app/core/interceptors/jwt.fixture.ts": {"lines":{"total":3,"covered":3,"skipped":0,"pct":100},"functions":{"total":0,"covered":0,"skipped":0,"pct":100},"statements":{"total":3,"covered":3,"skipped":0,"pct":100},"branches":{"total":0,"covered":0,"skipped":0,"pct":100}}
,"/Users/ashwin/workspace/fyle/fyle-qbo-app-2/src/app/core/interceptors/jwt.interceptor.ts": {"lines":{"total":47,"covered":41,"skipped":0,"pct":87.23},"functions":{"total":15,"covered":11,"skipped":0,"pct":73.33},"statements":{"total":49,"covered":42,"skipped":0,"pct":85.71},"branches":{"total":10,"covered":7,"skipped":0,"pct":70}}
,"/Users/ashwin/workspace/fyle/fyle-qbo-app-2/src/app/core/models/configuration/advanced-setting.model.ts": {"lines":{"total":3,"covered":3,"skipped":0,"pct":100},"functions":{"total":1,"covered":1,"skipped":0,"pct":100},"statements":{"total":3,"covered":3,"skipped":0,"pct":100},"branches":{"total":86,"covered":65,"skipped":0,"pct":75.58}}
,"/Users/ashwin/workspace/fyle/fyle-qbo-app-2/src/app/core/models/configuration/employee-setting.model.ts": {"lines":{"total":2,"covered":2,"skipped":0,"pct":100},"functions":{"total":1,"covered":1,"skipped":0,"pct":100},"statements":{"total":2,"covered":2,"skipped":0,"pct":100},"branches":{"total":8,"covered":6,"skipped":0,"pct":75}}
,"/Users/ashwin/workspace/fyle/fyle-qbo-app-2/src/app/core/models/configuration/export-setting.model.ts": {"lines":{"total":3,"covered":3,"skipped":0,"pct":100},"functions":{"total":1,"covered":1,"skipped":0,"pct":100},"statements":{"total":3,"covered":3,"skipped":0,"pct":100},"branches":{"total":100,"covered":71,"skipped":0,"pct":71}}
,"/Users/ashwin/workspace/fyle/fyle-qbo-app-2/src/app/core/models/configuration/import-setting.model.ts": {"lines":{"total":12,"covered":12,"skipped":0,"pct":100},"functions":{"total":8,"covered":8,"skipped":0,"pct":100},"statements":{"total":15,"covered":15,"skipped":0,"pct":100},"branches":{"total":40,"covered":31,"skipped":0,"pct":77.5}}
,"/Users/ashwin/workspace/fyle/fyle-qbo-app-2/src/app/core/models/db/employee-mapping.model.ts": {"lines":{"total":1,"covered":1,"skipped":0,"pct":100},"functions":{"total":1,"covered":1,"skipped":0,"pct":100},"statements":{"total":1,"covered":1,"skipped":0,"pct":100},"branches":{"total":16,"covered":12,"skipped":0,"pct":75}}
,"/Users/ashwin/workspace/fyle/fyle-qbo-app-2/src/app/core/models/db/mapping.model.ts": {"lines":{"total":1,"covered":1,"skipped":0,"pct":100},"functions":{"total":1,"covered":1,"skipped":0,"pct":100},"statements":{"total":1,"covered":1,"skipped":0,"pct":100},"branches":{"total":0,"covered":0,"skipped":0,"pct":100}}
,"/Users/ashwin/workspace/fyle/fyle-qbo-app-2/src/app/core/models/enum/enum.model.ts": {"lines":{"total":172,"covered":172,"skipped":0,"pct":100},"functions":{"total":33,"covered":33,"skipped":0,"pct":100},"statements":{"total":172,"covered":172,"skipped":0,"pct":100},"branches":{"total":66,"covered":66,"skipped":0,"pct":100}}
,"/Users/ashwin/workspace/fyle/fyle-qbo-app-2/src/app/core/services/configuration/advanced-setting.service.ts": {"lines":{"total":9,"covered":9,"skipped":0,"pct":100},"functions":{"total":4,"covered":4,"skipped":0,"pct":100},"statements":{"total":10,"covered":10,"skipped":0,"pct":100},"branches":{"total":0,"covered":0,"skipped":0,"pct":100}}
,"/Users/ashwin/workspace/fyle/fyle-qbo-app-2/src/app/core/services/configuration/employee-setting.service.ts": {"lines":{"total":8,"covered":8,"skipped":0,"pct":100},"functions":{"total":3,"covered":3,"skipped":0,"pct":100},"statements":{"total":9,"covered":9,"skipped":0,"pct":100},"branches":{"total":0,"covered":0,"skipped":0,"pct":100}}
,"/Users/ashwin/workspace/fyle/fyle-qbo-app-2/src/app/core/services/configuration/export-setting.service.ts": {"lines":{"total":5,"covered":5,"skipped":0,"pct":100},"functions":{"total":3,"covered":3,"skipped":0,"pct":100},"statements":{"total":6,"covered":6,"skipped":0,"pct":100},"branches":{"total":0,"covered":0,"skipped":0,"pct":100}}
,"/Users/ashwin/workspace/fyle/fyle-qbo-app-2/src/app/core/services/configuration/import-setting.service.ts": {"lines":{"total":5,"covered":5,"skipped":0,"pct":100},"functions":{"total":3,"covered":3,"skipped":0,"pct":100},"statements":{"total":6,"covered":6,"skipped":0,"pct":100},"branches":{"total":0,"covered":0,"skipped":0,"pct":100}}
,"/Users/ashwin/workspace/fyle/fyle-qbo-app-2/src/app/core/services/configuration/qbo-connector.service.ts": {"lines":{"total":17,"covered":17,"skipped":0,"pct":100},"functions":{"total":5,"covered":5,"skipped":0,"pct":100},"statements":{"total":18,"covered":18,"skipped":0,"pct":100},"branches":{"total":0,"covered":0,"skipped":0,"pct":100}}
,"/Users/ashwin/workspace/fyle/fyle-qbo-app-2/src/app/core/services/core/api.service.ts": {"lines":{"total":21,"covered":21,"skipped":0,"pct":100},"functions":{"total":13,"covered":13,"skipped":0,"pct":100},"statements":{"total":22,"covered":22,"skipped":0,"pct":100},"branches":{"total":2,"covered":2,"skipped":0,"pct":100}}
,"/Users/ashwin/workspace/fyle/fyle-qbo-app-2/src/app/core/services/core/auth.service.ts": {"lines":{"total":32,"covered":28,"skipped":0,"pct":87.5},"functions":{"total":14,"covered":9,"skipped":0,"pct":64.28},"statements":{"total":34,"covered":29,"skipped":0,"pct":85.29},"branches":{"total":8,"covered":8,"skipped":0,"pct":100}}
,"/Users/ashwin/workspace/fyle/fyle-qbo-app-2/src/app/core/services/core/helper.service.ts": {"lines":{"total":11,"covered":11,"skipped":0,"pct":100},"functions":{"total":5,"covered":5,"skipped":0,"pct":100},"statements":{"total":12,"covered":12,"skipped":0,"pct":100},"branches":{"total":7,"covered":7,"skipped":0,"pct":100}}
,"/Users/ashwin/workspace/fyle/fyle-qbo-app-2/src/app/core/services/core/paginator.service.ts": {"lines":{"total":5,"covered":5,"skipped":0,"pct":100},"functions":{"total":3,"covered":3,"skipped":0,"pct":100},"statements":{"total":6,"covered":6,"skipped":0,"pct":100},"branches":{"total":2,"covered":2,"skipped":0,"pct":100}}
,"/Users/ashwin/workspace/fyle/fyle-qbo-app-2/src/app/core/services/core/storage.service.ts": {"lines":{"total":6,"covered":5,"skipped":0,"pct":83.33},"functions":{"total":5,"covered":4,"skipped":0,"pct":80},"statements":{"total":7,"covered":6,"skipped":0,"pct":85.71},"branches":{"total":2,"covered":2,"skipped":0,"pct":100}}
,"/Users/ashwin/workspace/fyle/fyle-qbo-app-2/src/app/core/services/core/window.service.ts": {"lines":{"total":2,"covered":2,"skipped":0,"pct":100},"functions":{"total":2,"covered":2,"skipped":0,"pct":100},"statements":{"total":3,"covered":3,"skipped":0,"pct":100},"branches":{"total":0,"covered":0,"skipped":0,"pct":100}}
,"/Users/ashwin/workspace/fyle/fyle-qbo-app-2/src/app/core/services/dashboard/dashboard.service.ts": {"lines":{"total":32,"covered":31,"skipped":0,"pct":96.87},"functions":{"total":10,"covered":10,"skipped":0,"pct":100},"statements":{"total":33,"covered":32,"skipped":0,"pct":96.96},"branches":{"total":8,"covered":5,"skipped":0,"pct":62.5}}
,"/Users/ashwin/workspace/fyle/fyle-qbo-app-2/src/app/core/services/export-log/export-log.service.ts": {"lines":{"total":60,"covered":60,"skipped":0,"pct":100},"functions":{"total":6,"covered":6,"skipped":0,"pct":100},"statements":{"total":61,"covered":61,"skipped":0,"pct":100},"branches":{"total":39,"covered":39,"skipped":0,"pct":100}}
,"/Users/ashwin/workspace/fyle/fyle-qbo-app-2/src/app/core/services/integration/refiner.service.ts": {"lines":{"total":11,"covered":11,"skipped":0,"pct":100},"functions":{"total":3,"covered":3,"skipped":0,"pct":100},"statements":{"total":12,"covered":12,"skipped":0,"pct":100},"branches":{"total":3,"covered":3,"skipped":0,"pct":100}}
,"/Users/ashwin/workspace/fyle/fyle-qbo-app-2/src/app/core/services/integration/tracking.service.ts": {"lines":{"total":41,"covered":39,"skipped":0,"pct":95.12},"functions":{"total":19,"covered":19,"skipped":0,"pct":100},"statements":{"total":42,"covered":40,"skipped":0,"pct":95.23},"branches":{"total":12,"covered":9,"skipped":0,"pct":75}}
,"/Users/ashwin/workspace/fyle/fyle-qbo-app-2/src/app/core/services/misc/mapping.service.fixture.ts": {"lines":{"total":2,"covered":2,"skipped":0,"pct":100},"functions":{"total":0,"covered":0,"skipped":0,"pct":100},"statements":{"total":2,"covered":2,"skipped":0,"pct":100},"branches":{"total":0,"covered":0,"skipped":0,"pct":100}}
,"/Users/ashwin/workspace/fyle/fyle-qbo-app-2/src/app/core/services/misc/mapping.service.ts": {"lines":{"total":35,"covered":35,"skipped":0,"pct":100},"functions":{"total":21,"covered":21,"skipped":0,"pct":100},"statements":{"total":36,"covered":36,"skipped":0,"pct":100},"branches":{"total":12,"covered":11,"skipped":0,"pct":91.66}}
,"/Users/ashwin/workspace/fyle/fyle-qbo-app-2/src/app/core/services/misc/user.service.ts": {"lines":{"total":10,"covered":10,"skipped":0,"pct":100},"functions":{"total":5,"covered":5,"skipped":0,"pct":100},"statements":{"total":11,"covered":11,"skipped":0,"pct":100},"branches":{"total":3,"covered":3,"skipped":0,"pct":100}}
,"/Users/ashwin/workspace/fyle/fyle-qbo-app-2/src/app/core/services/workspace/workspace.service.ts": {"lines":{"total":20,"covered":20,"skipped":0,"pct":100},"functions":{"total":14,"covered":14,"skipped":0,"pct":100},"statements":{"total":21,"covered":21,"skipped":0,"pct":100},"branches":{"total":0,"covered":0,"skipped":0,"pct":100}}
,"/Users/ashwin/workspace/fyle/fyle-qbo-app-2/src/app/integration/integration.component.ts": {"lines":{"total":33,"covered":31,"skipped":0,"pct":93.93},"functions":{"total":8,"covered":8,"skipped":0,"pct":100},"statements":{"total":34,"covered":32,"skipped":0,"pct":94.11},"branches":{"total":2,"covered":1,"skipped":0,"pct":50}}
,"/Users/ashwin/workspace/fyle/fyle-qbo-app-2/src/app/integration/integration.fixture.ts": {"lines":{"total":2,"covered":2,"skipped":0,"pct":100},"functions":{"total":0,"covered":0,"skipped":0,"pct":100},"statements":{"total":2,"covered":2,"skipped":0,"pct":100},"branches":{"total":0,"covered":0,"skipped":0,"pct":100}}
,"/Users/ashwin/workspace/fyle/fyle-qbo-app-2/src/app/integration/main/main.component.ts": {"lines":{"total":62,"covered":62,"skipped":0,"pct":100},"functions":{"total":19,"covered":19,"skipped":0,"pct":100},"statements":{"total":65,"covered":65,"skipped":0,"pct":100},"branches":{"total":32,"covered":30,"skipped":0,"pct":93.75}}
,"/Users/ashwin/workspace/fyle/fyle-qbo-app-2/src/app/integration/main/main.fixture.ts": {"lines":{"total":3,"covered":3,"skipped":0,"pct":100},"functions":{"total":0,"covered":0,"skipped":0,"pct":100},"statements":{"total":3,"covered":3,"skipped":0,"pct":100},"branches":{"total":0,"covered":0,"skipped":0,"pct":100}}
,"/Users/ashwin/workspace/fyle/fyle-qbo-app-2/src/app/integration/main/configuration/configuration.component.ts": {"lines":{"total":1,"covered":1,"skipped":0,"pct":100},"functions":{"total":2,"covered":2,"skipped":0,"pct":100},"statements":{"total":2,"covered":2,"skipped":0,"pct":100},"branches":{"total":0,"covered":0,"skipped":0,"pct":100}}
,"/Users/ashwin/workspace/fyle/fyle-qbo-app-2/src/app/integration/main/configuration/configuration-advanced-settings/configuration-advanced-settings.component.ts": {"lines":{"total":1,"covered":1,"skipped":0,"pct":100},"functions":{"total":2,"covered":2,"skipped":0,"pct":100},"statements":{"total":2,"covered":2,"skipped":0,"pct":100},"branches":{"total":0,"covered":0,"skipped":0,"pct":100}}
,"/Users/ashwin/workspace/fyle/fyle-qbo-app-2/src/app/integration/main/configuration/configuration-employee-settings/configuration-employee-settings.component.ts": {"lines":{"total":1,"covered":1,"skipped":0,"pct":100},"functions":{"total":2,"covered":2,"skipped":0,"pct":100},"statements":{"total":2,"covered":2,"skipped":0,"pct":100},"branches":{"total":0,"covered":0,"skipped":0,"pct":100}}
,"/Users/ashwin/workspace/fyle/fyle-qbo-app-2/src/app/integration/main/configuration/configuration-export-settings/configuration-export-settings.component.ts": {"lines":{"total":1,"covered":1,"skipped":0,"pct":100},"functions":{"total":2,"covered":2,"skipped":0,"pct":100},"statements":{"total":2,"covered":2,"skipped":0,"pct":100},"branches":{"total":0,"covered":0,"skipped":0,"pct":100}}
,"/Users/ashwin/workspace/fyle/fyle-qbo-app-2/src/app/integration/main/configuration/configuration-import-settings/configuration-import-settings.component.ts": {"lines":{"total":1,"covered":1,"skipped":0,"pct":100},"functions":{"total":2,"covered":2,"skipped":0,"pct":100},"statements":{"total":2,"covered":2,"skipped":0,"pct":100},"branches":{"total":0,"covered":0,"skipped":0,"pct":100}}
,"/Users/ashwin/workspace/fyle/fyle-qbo-app-2/src/app/integration/main/dashboard/dashboard-routing.module.ts": {"lines":{"total":2,"covered":2,"skipped":0,"pct":100},"functions":{"total":0,"covered":0,"skipped":0,"pct":100},"statements":{"total":3,"covered":3,"skipped":0,"pct":100},"branches":{"total":0,"covered":0,"skipped":0,"pct":100}}
,"/Users/ashwin/workspace/fyle/fyle-qbo-app-2/src/app/integration/main/dashboard/dashboard.component.ts": {"lines":{"total":118,"covered":118,"skipped":0,"pct":100},"functions":{"total":34,"covered":33,"skipped":0,"pct":97.05},"statements":{"total":128,"covered":127,"skipped":0,"pct":99.21},"branches":{"total":99,"covered":82,"skipped":0,"pct":82.82}}
,"/Users/ashwin/workspace/fyle/fyle-qbo-app-2/src/app/integration/main/dashboard/dashboard.fixture.ts": {"lines":{"total":12,"covered":12,"skipped":0,"pct":100},"functions":{"total":0,"covered":0,"skipped":0,"pct":100},"statements":{"total":12,"covered":12,"skipped":0,"pct":100},"branches":{"total":0,"covered":0,"skipped":0,"pct":100}}
,"/Users/ashwin/workspace/fyle/fyle-qbo-app-2/src/app/integration/main/dashboard/dashboard.module.ts": {"lines":{"total":1,"covered":1,"skipped":0,"pct":100},"functions":{"total":0,"covered":0,"skipped":0,"pct":100},"statements":{"total":2,"covered":2,"skipped":0,"pct":100},"branches":{"total":0,"covered":0,"skipped":0,"pct":100}}
,"/Users/ashwin/workspace/fyle/fyle-qbo-app-2/src/app/integration/main/export-log/export-log-routing.module.ts": {"lines":{"total":2,"covered":2,"skipped":0,"pct":100},"functions":{"total":0,"covered":0,"skipped":0,"pct":100},"statements":{"total":3,"covered":3,"skipped":0,"pct":100},"branches":{"total":0,"covered":0,"skipped":0,"pct":100}}
,"/Users/ashwin/workspace/fyle/fyle-qbo-app-2/src/app/integration/main/export-log/export-log.component.ts": {"lines":{"total":69,"covered":68,"skipped":0,"pct":98.55},"functions":{"total":13,"covered":13,"skipped":0,"pct":100},"statements":{"total":70,"covered":69,"skipped":0,"pct":98.57},"branches":{"total":16,"covered":13,"skipped":0,"pct":81.25}}
,"/Users/ashwin/workspace/fyle/fyle-qbo-app-2/src/app/integration/main/export-log/export-log.fixture.ts": {"lines":{"total":7,"covered":7,"skipped":0,"pct":100},"functions":{"total":0,"covered":0,"skipped":0,"pct":100},"statements":{"total":7,"covered":7,"skipped":0,"pct":100},"branches":{"total":0,"covered":0,"skipped":0,"pct":100}}
,"/Users/ashwin/workspace/fyle/fyle-qbo-app-2/src/app/integration/main/export-log/export-log.module.ts": {"lines":{"total":1,"covered":1,"skipped":0,"pct":100},"functions":{"total":0,"covered":0,"skipped":0,"pct":100},"statements":{"total":2,"covered":2,"skipped":0,"pct":100},"branches":{"total":0,"covered":0,"skipped":0,"pct":100}}
,"/Users/ashwin/workspace/fyle/fyle-qbo-app-2/src/app/integration/main/export-log/export-log-child-dialog/export-log-child-dialog.component.ts": {"lines":{"total":26,"covered":26,"skipped":0,"pct":100},"functions":{"total":8,"covered":8,"skipped":0,"pct":100},"statements":{"total":27,"covered":27,"skipped":0,"pct":100},"branches":{"total":2,"covered":2,"skipped":0,"pct":100}}
,"/Users/ashwin/workspace/fyle/fyle-qbo-app-2/src/app/integration/main/export-log/export-log-child-dialog/export-log-child-dialog.fixture.ts": {"lines":{"total":3,"covered":3,"skipped":0,"pct":100},"functions":{"total":0,"covered":0,"skipped":0,"pct":100},"statements":{"total":3,"covered":3,"skipped":0,"pct":100},"branches":{"total":0,"covered":0,"skipped":0,"pct":100}}
,"/Users/ashwin/workspace/fyle/fyle-qbo-app-2/src/app/integration/main/mapping/mapping.component.ts": {"lines":{"total":1,"covered":1,"skipped":0,"pct":100},"functions":{"total":2,"covered":2,"skipped":0,"pct":100},"statements":{"total":2,"covered":2,"skipped":0,"pct":100},"branches":{"total":0,"covered":0,"skipped":0,"pct":100}}
,"/Users/ashwin/workspace/fyle/fyle-qbo-app-2/src/app/integration/main/mapping/custom-mapping/custom-mapping.component.ts": {"lines":{"total":85,"covered":84,"skipped":0,"pct":98.82},"functions":{"total":28,"covered":28,"skipped":0,"pct":100},"statements":{"total":90,"covered":89,"skipped":0,"pct":98.88},"branches":{"total":23,"covered":20,"skipped":0,"pct":86.95}}
,"/Users/ashwin/workspace/fyle/fyle-qbo-app-2/src/app/integration/main/mapping/custom-mapping/custom-mapping.fixture.ts": {"lines":{"total":5,"covered":5,"skipped":0,"pct":100},"functions":{"total":0,"covered":0,"skipped":0,"pct":100},"statements":{"total":5,"covered":5,"skipped":0,"pct":100},"branches":{"total":0,"covered":0,"skipped":0,"pct":100}}
,"/Users/ashwin/workspace/fyle/fyle-qbo-app-2/src/app/integration/main/mapping/employee-mapping/employee-mapping.component.ts": {"lines":{"total":87,"covered":86,"skipped":0,"pct":98.85},"functions":{"total":18,"covered":18,"skipped":0,"pct":100},"statements":{"total":88,"covered":87,"skipped":0,"pct":98.86},"branches":{"total":52,"covered":43,"skipped":0,"pct":82.69}}
,"/Users/ashwin/workspace/fyle/fyle-qbo-app-2/src/app/integration/main/mapping/employee-mapping/employee-mapping.fixture.ts": {"lines":{"total":8,"covered":8,"skipped":0,"pct":100},"functions":{"total":0,"covered":0,"skipped":0,"pct":100},"statements":{"total":8,"covered":8,"skipped":0,"pct":100},"branches":{"total":0,"covered":0,"skipped":0,"pct":100}}
,"/Users/ashwin/workspace/fyle/fyle-qbo-app-2/src/app/integration/onboarding/onboarding.component.ts": {"lines":{"total":10,"covered":9,"skipped":0,"pct":90},"functions":{"total":3,"covered":3,"skipped":0,"pct":100},"statements":{"total":11,"covered":10,"skipped":0,"pct":90.9},"branches":{"total":1,"covered":0,"skipped":0,"pct":0}}
,"/Users/ashwin/workspace/fyle/fyle-qbo-app-2/src/app/integration/onboarding/onboarding-advanced-settings/onboarding-advanced-settings.component.ts": {"lines":{"total":1,"covered":1,"skipped":0,"pct":100},"functions":{"total":2,"covered":2,"skipped":0,"pct":100},"statements":{"total":2,"covered":2,"skipped":0,"pct":100},"branches":{"total":0,"covered":0,"skipped":0,"pct":100}}
,"/Users/ashwin/workspace/fyle/fyle-qbo-app-2/src/app/integration/onboarding/onboarding-done/onboarding-done.component.ts": {"lines":{"total":11,"covered":11,"skipped":0,"pct":100},"functions":{"total":4,"covered":4,"skipped":0,"pct":100},"statements":{"total":12,"covered":12,"skipped":0,"pct":100},"branches":{"total":0,"covered":0,"skipped":0,"pct":100}}
,"/Users/ashwin/workspace/fyle/fyle-qbo-app-2/src/app/integration/onboarding/onboarding-employee-settings/onboarding-employee-settings.component.ts": {"lines":{"total":1,"covered":1,"skipped":0,"pct":100},"functions":{"total":2,"covered":2,"skipped":0,"pct":100},"statements":{"total":2,"covered":2,"skipped":0,"pct":100},"branches":{"total":0,"covered":0,"skipped":0,"pct":100}}
,"/Users/ashwin/workspace/fyle/fyle-qbo-app-2/src/app/integration/onboarding/onboarding-export-settings/onboarding-export-settings.component.ts": {"lines":{"total":1,"covered":1,"skipped":0,"pct":100},"functions":{"total":2,"covered":2,"skipped":0,"pct":100},"statements":{"total":2,"covered":2,"skipped":0,"pct":100},"branches":{"total":0,"covered":0,"skipped":0,"pct":100}}
,"/Users/ashwin/workspace/fyle/fyle-qbo-app-2/src/app/integration/onboarding/onboarding-import-settings/onboarding-import-settings.component.ts": {"lines":{"total":1,"covered":1,"skipped":0,"pct":100},"functions":{"total":2,"covered":2,"skipped":0,"pct":100},"statements":{"total":2,"covered":2,"skipped":0,"pct":100},"branches":{"total":0,"covered":0,"skipped":0,"pct":100}}
,"/Users/ashwin/workspace/fyle/fyle-qbo-app-2/src/app/integration/onboarding/onboarding-landing/onboarding-landing.component.ts": {"lines":{"total":16,"covered":16,"skipped":0,"pct":100},"functions":{"total":5,"covered":5,"skipped":0,"pct":100},"statements":{"total":17,"covered":17,"skipped":0,"pct":100},"branches":{"total":3,"covered":3,"skipped":0,"pct":100}}
,"/Users/ashwin/workspace/fyle/fyle-qbo-app-2/src/app/integration/onboarding/onboarding-qbo-connector/onboarding-qbo-connector.component.ts": {"lines":{"total":1,"covered":1,"skipped":0,"pct":100},"functions":{"total":2,"covered":2,"skipped":0,"pct":100},"statements":{"total":2,"covered":2,"skipped":0,"pct":100},"branches":{"total":0,"covered":0,"skipped":0,"pct":100}}
,"/Users/ashwin/workspace/fyle/fyle-qbo-app-2/src/app/qbo-callback/qbo-callback-routing.fixture.ts": {"lines":{"total":3,"covered":3,"skipped":0,"pct":100},"functions":{"total":0,"covered":0,"skipped":0,"pct":100},"statements":{"total":3,"covered":3,"skipped":0,"pct":100},"branches":{"total":0,"covered":0,"skipped":0,"pct":100}}
,"/Users/ashwin/workspace/fyle/fyle-qbo-app-2/src/app/qbo-callback/qbo-callback.component.ts": {"lines":{"total":26,"covered":26,"skipped":0,"pct":100},"functions":{"total":8,"covered":8,"skipped":0,"pct":100},"statements":{"total":27,"covered":27,"skipped":0,"pct":100},"branches":{"total":7,"covered":7,"skipped":0,"pct":100}}
,"/Users/ashwin/workspace/fyle/fyle-qbo-app-2/src/app/shared/shared.module.ts": {"lines":{"total":1,"covered":1,"skipped":0,"pct":100},"functions":{"total":0,"covered":0,"skipped":0,"pct":100},"statements":{"total":2,"covered":2,"skipped":0,"pct":100},"branches":{"total":0,"covered":0,"skipped":0,"pct":100}}
,"/Users/ashwin/workspace/fyle/fyle-qbo-app-2/src/app/shared/components/configuration/advanced-settings/advanced-settings.component.ts": {"lines":{"total":105,"covered":105,"skipped":0,"pct":100},"functions":{"total":29,"covered":29,"skipped":0,"pct":100},"statements":{"total":107,"covered":107,"skipped":0,"pct":100},"branches":{"total":69,"covered":56,"skipped":0,"pct":81.15}}
,"/Users/ashwin/workspace/fyle/fyle-qbo-app-2/src/app/shared/components/configuration/advanced-settings/advanced-settings.fixture.ts": {"lines":{"total":10,"covered":10,"skipped":0,"pct":100},"functions":{"total":0,"covered":0,"skipped":0,"pct":100},"statements":{"total":10,"covered":10,"skipped":0,"pct":100},"branches":{"total":0,"covered":0,"skipped":0,"pct":100}}
,"/Users/ashwin/workspace/fyle/fyle-qbo-app-2/src/app/shared/components/configuration/advanced-settings/add-email-dialog/add-email-dialog.component.ts": {"lines":{"total":13,"covered":13,"skipped":0,"pct":100},"functions":{"total":4,"covered":4,"skipped":0,"pct":100},"statements":{"total":14,"covered":14,"skipped":0,"pct":100},"branches":{"total":2,"covered":2,"skipped":0,"pct":100}}
,"/Users/ashwin/workspace/fyle/fyle-qbo-app-2/src/app/shared/components/configuration/configuration-select-field/configuration-select-field.component.ts": {"lines":{"total":9,"covered":9,"skipped":0,"pct":100},"functions":{"total":3,"covered":3,"skipped":0,"pct":100},"statements":{"total":10,"covered":10,"skipped":0,"pct":100},"branches":{"total":2,"covered":2,"skipped":0,"pct":100}}
,"/Users/ashwin/workspace/fyle/fyle-qbo-app-2/src/app/shared/components/configuration/configuration-step-footer-section/configuration-step-footer-section.component.ts": {"lines":{"total":5,"covered":5,"skipped":0,"pct":100},"functions":{"total":4,"covered":4,"skipped":0,"pct":100},"statements":{"total":6,"covered":6,"skipped":0,"pct":100},"branches":{"total":0,"covered":0,"skipped":0,"pct":100}}
,"/Users/ashwin/workspace/fyle/fyle-qbo-app-2/src/app/shared/components/configuration/configuration-step-header-section/configuration-step-header-section.component.ts": {"lines":{"total":36,"covered":36,"skipped":0,"pct":100},"functions":{"total":4,"covered":4,"skipped":0,"pct":100},"statements":{"total":37,"covered":37,"skipped":0,"pct":100},"branches":{"total":7,"covered":7,"skipped":0,"pct":100}}
,"/Users/ashwin/workspace/fyle/fyle-qbo-app-2/src/app/shared/components/configuration/configuration-toggle-field/configuration-toggle-field.component.ts": {"lines":{"total":1,"covered":1,"skipped":0,"pct":100},"functions":{"total":2,"covered":2,"skipped":0,"pct":100},"statements":{"total":2,"covered":2,"skipped":0,"pct":100},"branches":{"total":0,"covered":0,"skipped":0,"pct":100}}
,"/Users/ashwin/workspace/fyle/fyle-qbo-app-2/src/app/shared/components/configuration/email-multi-select-field/email-multi-select-field.component.ts": {"lines":{"total":10,"covered":10,"skipped":0,"pct":100},"functions":{"total":4,"covered":4,"skipped":0,"pct":100},"statements":{"total":12,"covered":12,"skipped":0,"pct":100},"branches":{"total":3,"covered":3,"skipped":0,"pct":100}}
,"/Users/ashwin/workspace/fyle/fyle-qbo-app-2/src/app/shared/components/configuration/employee-settings/employee-settings.component.ts": {"lines":{"total":68,"covered":68,"skipped":0,"pct":100},"functions":{"total":20,"covered":20,"skipped":0,"pct":100},"statements":{"total":71,"covered":71,"skipped":0,"pct":100},"branches":{"total":44,"covered":37,"skipped":0,"pct":84.09}}
,"/Users/ashwin/workspace/fyle/fyle-qbo-app-2/src/app/shared/components/configuration/employee-settings/employee-settings.fixture.ts": {"lines":{"total":3,"covered":3,"skipped":0,"pct":100},"functions":{"total":0,"covered":0,"skipped":0,"pct":100},"statements":{"total":3,"covered":3,"skipped":0,"pct":100},"branches":{"total":0,"covered":0,"skipped":0,"pct":100}}
,"/Users/ashwin/workspace/fyle/fyle-qbo-app-2/src/app/shared/components/configuration/export-settings/export-settings.component.ts": {"lines":{"total":218,"covered":218,"skipped":0,"pct":100},"functions":{"total":55,"covered":55,"skipped":0,"pct":100},"statements":{"total":221,"covered":221,"skipped":0,"pct":100},"branches":{"total":302,"covered":259,"skipped":0,"pct":85.76}}
,"/Users/ashwin/workspace/fyle/fyle-qbo-app-2/src/app/shared/components/configuration/export-settings/export-settings.fixture.ts": {"lines":{"total":8,"covered":8,"skipped":0,"pct":100},"functions":{"total":0,"covered":0,"skipped":0,"pct":100},"statements":{"total":8,"covered":8,"skipped":0,"pct":100},"branches":{"total":0,"covered":0,"skipped":0,"pct":100}}
,"/Users/ashwin/workspace/fyle/fyle-qbo-app-2/src/app/shared/components/configuration/import-settings/import-settings.component.ts": {"lines":{"total":102,"covered":102,"skipped":0,"pct":100},"functions":{"total":40,"covered":40,"skipped":0,"pct":100},"statements":{"total":114,"covered":114,"skipped":0,"pct":100},"branches":{"total":77,"covered":73,"skipped":0,"pct":94.8}}
,"/Users/ashwin/workspace/fyle/fyle-qbo-app-2/src/app/shared/components/configuration/import-settings/import-settings.fixture.ts": {"lines":{"total":11,"covered":11,"skipped":0,"pct":100},"functions":{"total":0,"covered":0,"skipped":0,"pct":100},"statements":{"total":11,"covered":11,"skipped":0,"pct":100},"branches":{"total":0,"covered":0,"skipped":0,"pct":100}}
,"/Users/ashwin/workspace/fyle/fyle-qbo-app-2/src/app/shared/components/configuration/import-settings/expense-field-creation-dialog/expense-field-creation-dialog.component.ts": {"lines":{"total":12,"covered":12,"skipped":0,"pct":100},"functions":{"total":4,"covered":4,"skipped":0,"pct":100},"statements":{"total":13,"covered":13,"skipped":0,"pct":100},"branches":{"total":9,"covered":7,"skipped":0,"pct":77.77}}
,"/Users/ashwin/workspace/fyle/fyle-qbo-app-2/src/app/shared/components/configuration/preview-dialog/preview-dialog.component.ts": {"lines":{"total":4,"covered":4,"skipped":0,"pct":100},"functions":{"total":2,"covered":2,"skipped":0,"pct":100},"statements":{"total":5,"covered":5,"skipped":0,"pct":100},"branches":{"total":0,"covered":0,"skipped":0,"pct":100}}
,"/Users/ashwin/workspace/fyle/fyle-qbo-app-2/src/app/shared/components/configuration/qbo-connector/qbo-connector.component.ts": {"lines":{"total":83,"covered":83,"skipped":0,"pct":100},"functions":{"total":22,"covered":22,"skipped":0,"pct":100},"statements":{"total":84,"covered":84,"skipped":0,"pct":100},"branches":{"total":24,"covered":22,"skipped":0,"pct":91.66}}
,"/Users/ashwin/workspace/fyle/fyle-qbo-app-2/src/app/shared/components/configuration/qbo-connector/qbo-connector.fixture.ts": {"lines":{"total":4,"covered":4,"skipped":0,"pct":100},"functions":{"total":0,"covered":0,"skipped":0,"pct":100},"statements":{"total":4,"covered":4,"skipped":0,"pct":100},"branches":{"total":0,"covered":0,"skipped":0,"pct":100}}
,"/Users/ashwin/workspace/fyle/fyle-qbo-app-2/src/app/shared/components/core/confirmation-dialog/confirmation-dialog.component.ts": {"lines":{"total":4,"covered":4,"skipped":0,"pct":100},"functions":{"total":2,"covered":2,"skipped":0,"pct":100},"statements":{"total":5,"covered":5,"skipped":0,"pct":100},"branches":{"total":2,"covered":2,"skipped":0,"pct":100}}
,"/Users/ashwin/workspace/fyle/fyle-qbo-app-2/src/app/shared/components/core/header/header.component.ts": {"lines":{"total":70,"covered":70,"skipped":0,"pct":100},"functions":{"total":16,"covered":16,"skipped":0,"pct":100},"statements":{"total":71,"covered":71,"skipped":0,"pct":100},"branches":{"total":48,"covered":43,"skipped":0,"pct":89.58}}
,"/Users/ashwin/workspace/fyle/fyle-qbo-app-2/src/app/shared/components/core/loader/loader.component.ts": {"lines":{"total":1,"covered":1,"skipped":0,"pct":100},"functions":{"total":2,"covered":2,"skipped":0,"pct":100},"statements":{"total":2,"covered":2,"skipped":0,"pct":100},"branches":{"total":0,"covered":0,"skipped":0,"pct":100}}
,"/Users/ashwin/workspace/fyle/fyle-qbo-app-2/src/app/shared/components/core/onboarding-footer/onboarding-footer.component.ts": {"lines":{"total":2,"covered":2,"skipped":0,"pct":100},"functions":{"total":2,"covered":2,"skipped":0,"pct":100},"statements":{"total":3,"covered":3,"skipped":0,"pct":100},"branches":{"total":0,"covered":0,"skipped":0,"pct":100}}
,"/Users/ashwin/workspace/fyle/fyle-qbo-app-2/src/app/shared/components/core/zero-state-with-illustration/zero-state-with-illustration.component.ts": {"lines":{"total":4,"covered":4,"skipped":0,"pct":100},"functions":{"total":2,"covered":2,"skipped":0,"pct":100},"statements":{"total":5,"covered":5,"skipped":0,"pct":100},"branches":{"total":0,"covered":0,"skipped":0,"pct":100}}
,"/Users/ashwin/workspace/fyle/fyle-qbo-app-2/src/app/shared/components/dashboard/dashboard-export-log-dialog/dashboard-export-log-dialog.component.ts": {"lines":{"total":31,"covered":31,"skipped":0,"pct":100},"functions":{"total":5,"covered":5,"skipped":0,"pct":100},"statements":{"total":34,"covered":34,"skipped":0,"pct":100},"branches":{"total":12,"covered":12,"skipped":0,"pct":100}}
,"/Users/ashwin/workspace/fyle/fyle-qbo-app-2/src/app/shared/components/dashboard/dashboard-header-section/dashboard-header-section.component.ts": {"lines":{"total":8,"covered":8,"skipped":0,"pct":100},"functions":{"total":3,"covered":3,"skipped":0,"pct":100},"statements":{"total":9,"covered":9,"skipped":0,"pct":100},"branches":{"total":0,"covered":0,"skipped":0,"pct":100}}
,"/Users/ashwin/workspace/fyle/fyle-qbo-app-2/src/app/shared/components/dashboard/dashboard-qbo-error-dialog/dashboard-qbo-error-dialog.component.ts": {"lines":{"total":12,"covered":12,"skipped":0,"pct":100},"functions":{"total":4,"covered":4,"skipped":0,"pct":100},"statements":{"total":13,"covered":13,"skipped":0,"pct":100},"branches":{"total":2,"covered":2,"skipped":0,"pct":100}}
,"/Users/ashwin/workspace/fyle/fyle-qbo-app-2/src/app/shared/components/dashboard/dashboard-qbo-error-dialog/dashboard-qbo-error-dialog.fixture.ts": {"lines":{"total":2,"covered":2,"skipped":0,"pct":100},"functions":{"total":0,"covered":0,"skipped":0,"pct":100},"statements":{"total":2,"covered":2,"skipped":0,"pct":100},"branches":{"total":0,"covered":0,"skipped":0,"pct":100}}
,"/Users/ashwin/workspace/fyle/fyle-qbo-app-2/src/app/shared/components/dashboard/dashboard-resolve-mapping-error-dialog/dashboard-resolve-mapping-error-dialog.component.ts": {"lines":{"total":40,"covered":40,"skipped":0,"pct":100},"functions":{"total":13,"covered":13,"skipped":0,"pct":100},"statements":{"total":43,"covered":43,"skipped":0,"pct":100},"branches":{"total":6,"covered":6,"skipped":0,"pct":100}}
,"/Users/ashwin/workspace/fyle/fyle-qbo-app-2/src/app/shared/components/dashboard/dashboard-resolve-mapping-error-dialog/dashboard-resolve-mapping.fixture.ts": {"lines":{"total":7,"covered":7,"skipped":0,"pct":100},"functions":{"total":0,"covered":0,"skipped":0,"pct":100},"statements":{"total":7,"covered":7,"skipped":0,"pct":100},"branches":{"total":0,"covered":0,"skipped":0,"pct":100}}
,"/Users/ashwin/workspace/fyle/fyle-qbo-app-2/src/app/shared/components/export-log/export-log-child-table/export-log-child-table.component.ts": {"lines":{"total":3,"covered":3,"skipped":0,"pct":100},"functions":{"total":2,"covered":2,"skipped":0,"pct":100},"statements":{"total":4,"covered":4,"skipped":0,"pct":100},"branches":{"total":0,"covered":0,"skipped":0,"pct":100}}
,"/Users/ashwin/workspace/fyle/fyle-qbo-app-2/src/app/shared/components/export-log/export-log-child-table/export-log-child-table.fixture.ts": {"lines":{"total":1,"covered":1,"skipped":0,"pct":100},"functions":{"total":0,"covered":0,"skipped":0,"pct":100},"statements":{"total":1,"covered":1,"skipped":0,"pct":100},"branches":{"total":0,"covered":0,"skipped":0,"pct":100}}
,"/Users/ashwin/workspace/fyle/fyle-qbo-app-2/src/app/shared/components/export-log/export-log-table/export-log-table.component.ts": {"lines":{"total":10,"covered":10,"skipped":0,"pct":100},"functions":{"total":3,"covered":3,"skipped":0,"pct":100},"statements":{"total":11,"covered":11,"skipped":0,"pct":100},"branches":{"total":3,"covered":3,"skipped":0,"pct":100}}
,"/Users/ashwin/workspace/fyle/fyle-qbo-app-2/src/app/shared/components/export-log/export-log-table/export-log-table.fixture.ts": {"lines":{"total":1,"covered":1,"skipped":0,"pct":100},"functions":{"total":0,"covered":0,"skipped":0,"pct":100},"statements":{"total":1,"covered":1,"skipped":0,"pct":100},"branches":{"total":0,"covered":0,"skipped":0,"pct":100}}
,"/Users/ashwin/workspace/fyle/fyle-qbo-app-2/src/app/shared/components/helpers/mandatory-error-message/mandatory-error-message.component.ts": {"lines":{"total":6,"covered":6,"skipped":0,"pct":100},"functions":{"total":2,"covered":2,"skipped":0,"pct":100},"statements":{"total":7,"covered":7,"skipped":0,"pct":100},"branches":{"total":3,"covered":3,"skipped":0,"pct":100}}
,"/Users/ashwin/workspace/fyle/fyle-qbo-app-2/src/app/shared/components/helpers/mandatory-field/mandatory-field.component.ts": {"lines":{"total":1,"covered":1,"skipped":0,"pct":100},"functions":{"total":2,"covered":2,"skipped":0,"pct":100},"statements":{"total":2,"covered":2,"skipped":0,"pct":100},"branches":{"total":0,"covered":0,"skipped":0,"pct":100}}
,"/Users/ashwin/workspace/fyle/fyle-qbo-app-2/src/app/shared/components/helpers/onboarding-stepper/onboarding-stepper.component.ts": {"lines":{"total":14,"covered":14,"skipped":0,"pct":100},"functions":{"total":5,"covered":5,"skipped":0,"pct":100},"statements":{"total":16,"covered":16,"skipped":0,"pct":100},"branches":{"total":2,"covered":2,"skipped":0,"pct":100}}
,"/Users/ashwin/workspace/fyle/fyle-qbo-app-2/src/app/shared/components/helpers/paginator/paginator.component.ts": {"lines":{"total":42,"covered":42,"skipped":0,"pct":100},"functions":{"total":8,"covered":8,"skipped":0,"pct":100},"statements":{"total":43,"covered":43,"skipped":0,"pct":100},"branches":{"total":43,"covered":37,"skipped":0,"pct":86.04}}
,"/Users/ashwin/workspace/fyle/fyle-qbo-app-2/src/app/shared/components/helpers/simple-text-search/simple-text-search.component.ts": {"lines":{"total":15,"covered":15,"skipped":0,"pct":100},"functions":{"total":6,"covered":6,"skipped":0,"pct":100},"statements":{"total":16,"covered":16,"skipped":0,"pct":100},"branches":{"total":13,"covered":11,"skipped":0,"pct":84.61}}
,"/Users/ashwin/workspace/fyle/fyle-qbo-app-2/src/app/shared/components/mapping/generic-mapping/generic-mapping.component.ts": {"lines":{"total":86,"covered":84,"skipped":0,"pct":97.67},"functions":{"total":21,"covered":20,"skipped":0,"pct":95.23},"statements":{"total":89,"covered":86,"skipped":0,"pct":96.62},"branches":{"total":35,"covered":31,"skipped":0,"pct":88.57}}
,"/Users/ashwin/workspace/fyle/fyle-qbo-app-2/src/app/shared/components/mapping/generic-mapping/generic-mapping.fixture.ts": {"lines":{"total":11,"covered":11,"skipped":0,"pct":100},"functions":{"total":0,"covered":0,"skipped":0,"pct":100},"statements":{"total":11,"covered":11,"skipped":0,"pct":100},"branches":{"total":0,"covered":0,"skipped":0,"pct":100}}
,"/Users/ashwin/workspace/fyle/fyle-qbo-app-2/src/app/shared/components/mapping/mapping-filter/mapping-filter.component.ts": {"lines":{"total":17,"covered":17,"skipped":0,"pct":100},"functions":{"total":5,"covered":5,"skipped":0,"pct":100},"statements":{"total":18,"covered":18,"skipped":0,"pct":100},"branches":{"total":5,"covered":5,"skipped":0,"pct":100}}
,"/Users/ashwin/workspace/fyle/fyle-qbo-app-2/src/app/shared/components/mapping/mapping-header-section/mapping-header-section.component.ts": {"lines":{"total":7,"covered":7,"skipped":0,"pct":100},"functions":{"total":5,"covered":5,"skipped":0,"pct":100},"statements":{"total":9,"covered":9,"skipped":0,"pct":100},"branches":{"total":1,"covered":1,"skipped":0,"pct":100}}
,"/Users/ashwin/workspace/fyle/fyle-qbo-app-2/src/app/shared/components/mapping/mapping-table/mapping-table.component.ts": {"lines":{"total":13,"covered":13,"skipped":0,"pct":100},"functions":{"total":3,"covered":3,"skipped":0,"pct":100},"statements":{"total":14,"covered":14,"skipped":0,"pct":100},"branches":{"total":6,"covered":6,"skipped":0,"pct":100}}
,"/Users/ashwin/workspace/fyle/fyle-qbo-app-2/src/app/shared/components/mapping/mapping-table/mapping-table.fixture.ts": {"lines":{"total":2,"covered":2,"skipped":0,"pct":100},"functions":{"total":0,"covered":0,"skipped":0,"pct":100},"statements":{"total":2,"covered":2,"skipped":0,"pct":100},"branches":{"total":0,"covered":0,"skipped":0,"pct":100}}
,"/Users/ashwin/workspace/fyle/fyle-qbo-app-2/src/app/shared/pipes/search.pipe.ts": {"lines":{"total":7,"covered":7,"skipped":0,"pct":100},"functions":{"total":2,"covered":2,"skipped":0,"pct":100},"statements":{"total":8,"covered":8,"skipped":0,"pct":100},"branches":{"total":13,"covered":11,"skipped":0,"pct":84.61}}
,"/Users/ashwin/workspace/fyle/fyle-qbo-app-2/src/app/shared/pipes/snake-case-to-space-case.pipe.ts": {"lines":{"total":4,"covered":4,"skipped":0,"pct":100},"functions":{"total":1,"covered":1,"skipped":0,"pct":100},"statements":{"total":5,"covered":5,"skipped":0,"pct":100},"branches":{"total":3,"covered":3,"skipped":0,"pct":100}}
,"/Users/ashwin/workspace/fyle/fyle-qbo-app-2/src/app/shared/pipes/trim-character.pipe.ts": {"lines":{"total":4,"covered":4,"skipped":0,"pct":100},"functions":{"total":1,"covered":1,"skipped":0,"pct":100},"statements":{"total":5,"covered":5,"skipped":0,"pct":100},"branches":{"total":1,"covered":1,"skipped":0,"pct":100}}
,"/Users/ashwin/workspace/fyle/fyle-qbo-app-2/src/environments/environment.ts": {"lines":{"total":1,"covered":1,"skipped":0,"pct":100},"functions":{"total":0,"covered":0,"skipped":0,"pct":100},"statements":{"total":1,"covered":1,"skipped":0,"pct":100},"branches":{"total":0,"covered":0,"skipped":0,"pct":100}}
}
